This file contains any messages produced by compilers while
running configure, to aid debugging if configure makes a mistake.

It was created by LinBox configure 1.5.2, which was
generated by GNU Autoconf 2.69.  Invocation command line was

  $ ./configure --with-givaro=../givaro-4.0.4/ --with-fflas-ffpack=../fflas-ffpack-2.3.2/

## --------- ##
## Platform. ##
## --------- ##

hostname = DESKTOP-NMA8G2V
uname -m = x86_64
uname -r = 4.4.0-17134-Microsoft
uname -s = Linux
uname -v = #706-Microsoft Mon Apr 01 18:13:00 PST 2019

/usr/bin/uname -p = unknown
/bin/uname -X     = unknown

/bin/arch              = unknown
/usr/bin/arch -k       = unknown
/usr/convex/getsysinfo = unknown
/usr/bin/hostinfo      = unknown
/bin/machine           = unknown
/usr/bin/oslevel       = unknown
/bin/universe          = unknown

PATH: /usr/local/sbin
PATH: /usr/local/bin
PATH: /usr/sbin
PATH: /usr/bin
PATH: /sbin
PATH: /bin
PATH: /snap/bin


## ----------- ##
## Core tests. ##
## ----------- ##

configure:2809: checking for a BSD-compatible install
configure:2877: result: /usr/bin/install -c
configure:2888: checking whether build environment is sane
configure:2943: result: yes
configure:3094: checking for a thread-safe mkdir -p
configure:3133: result: /bin/mkdir -p
configure:3140: checking for gawk
configure:3156: found /usr/bin/gawk
configure:3167: result: gawk
configure:3178: checking whether make sets $(MAKE)
configure:3200: result: yes
configure:3229: checking whether make supports nested variables
configure:3246: result: yes
configure:3390: checking for style of include used by make
configure:3418: result: GNU
configure:3489: checking for gcc
configure:3505: found /usr/bin/gcc
configure:3516: result: gcc
configure:3745: checking for C compiler version
configure:3754: gcc --version >&5
gcc (Ubuntu 7.3.0-27ubuntu1~18.04) 7.3.0
Copyright (C) 2017 Free Software Foundation, Inc.
This is free software; see the source for copying conditions.  There is NO
warranty; not even for MERCHANTABILITY or FITNESS FOR A PARTICULAR PURPOSE.

configure:3765: $? = 0
configure:3754: gcc -v >&5
Using built-in specs.
COLLECT_GCC=gcc
COLLECT_LTO_WRAPPER=/usr/lib/gcc/x86_64-linux-gnu/7/lto-wrapper
OFFLOAD_TARGET_NAMES=nvptx-none
OFFLOAD_TARGET_DEFAULT=1
Target: x86_64-linux-gnu
Configured with: ../src/configure -v --with-pkgversion='Ubuntu 7.3.0-27ubuntu1~18.04' --with-bugurl=file:///usr/share/doc/gcc-7/README.Bugs --enable-languages=c,ada,c++,go,brig,d,fortran,objc,obj-c++ --prefix=/usr --with-gcc-major-version-only --program-suffix=-7 --program-prefix=x86_64-linux-gnu- --enable-shared --enable-linker-build-id --libexecdir=/usr/lib --without-included-gettext --enable-threads=posix --libdir=/usr/lib --enable-nls --with-sysroot=/ --enable-clocale=gnu --enable-libstdcxx-debug --enable-libstdcxx-time=yes --with-default-libstdcxx-abi=new --enable-gnu-unique-object --disable-vtable-verify --enable-libmpx --enable-plugin --enable-default-pie --with-system-zlib --with-target-system-zlib --enable-objc-gc=auto --enable-multiarch --disable-werror --with-arch-32=i686 --with-abi=m64 --with-multilib-list=m32,m64,mx32 --enable-multilib --with-tune=generic --enable-offload-targets=nvptx-none --without-cuda-driver --enable-checking=release --build=x86_64-linux-gnu --host=x86_64-linux-gnu --target=x86_64-linux-gnu
Thread model: posix
gcc version 7.3.0 (Ubuntu 7.3.0-27ubuntu1~18.04) 
configure:3765: $? = 0
configure:3754: gcc -V >&5
gcc: error: unrecognized command line option '-V'
gcc: fatal error: no input files
compilation terminated.
configure:3765: $? = 1
configure:3754: gcc -qversion >&5
gcc: error: unrecognized command line option '-qversion'; did you mean '--version'?
gcc: fatal error: no input files
compilation terminated.
configure:3765: $? = 1
configure:3785: checking whether the C compiler works
configure:3807: gcc    conftest.c  >&5
configure:3811: $? = 0
configure:3859: result: yes
configure:3862: checking for C compiler default output file name
configure:3864: result: a.out
configure:3870: checking for suffix of executables
configure:3877: gcc -o conftest    conftest.c  >&5
configure:3881: $? = 0
configure:3903: result: 
configure:3925: checking whether we are cross compiling
configure:3933: gcc -o conftest    conftest.c  >&5
configure:3937: $? = 0
configure:3944: ./conftest
configure:3948: $? = 0
configure:3963: result: no
configure:3968: checking for suffix of object files
configure:3990: gcc -c   conftest.c >&5
configure:3994: $? = 0
configure:4015: result: o
configure:4019: checking whether we are using the GNU C compiler
configure:4038: gcc -c   conftest.c >&5
configure:4038: $? = 0
configure:4047: result: yes
configure:4056: checking whether gcc accepts -g
configure:4076: gcc -c -g  conftest.c >&5
configure:4076: $? = 0
configure:4117: result: yes
configure:4134: checking for gcc option to accept ISO C89
configure:4197: gcc  -c -g -O2  conftest.c >&5
configure:4197: $? = 0
configure:4210: result: none needed
configure:4235: checking whether gcc understands -c and -o together
configure:4257: gcc -c conftest.c -o conftest2.o
configure:4260: $? = 0
configure:4257: gcc -c conftest.c -o conftest2.o
configure:4260: $? = 0
configure:4272: result: yes
configure:4291: checking dependency style of gcc
configure:4402: result: gcc3
configure:4467: checking for ar
configure:4483: found /usr/bin/ar
configure:4494: result: ar
configure:4520: checking the archiver (ar) interface
configure:4536: gcc -c -g -O2  conftest.c >&5
configure:4536: $? = 0
configure:4538: ar cru libconftest.a conftest.o >&5
ar: `u' modifier ignored since `D' is the default (see `U')
configure:4541: $? = 0
configure:4569: result: ar
configure:4614: checking whether to enable debugging options in the library
configure:4623: result: no
configure:4636: checking whether to enable profiling everything in the library
configure:4645: result: no
configure:4658: checking whether to enable warnings when compiling the library
configure:4667: result: no
configure:4744: checking for g++
configure:4760: found /usr/bin/g++
configure:4771: result: g++
configure:4798: checking for C++ compiler version
configure:4807: g++ --version >&5
g++ (Ubuntu 7.3.0-27ubuntu1~18.04) 7.3.0
Copyright (C) 2017 Free Software Foundation, Inc.
This is free software; see the source for copying conditions.  There is NO
warranty; not even for MERCHANTABILITY or FITNESS FOR A PARTICULAR PURPOSE.

configure:4818: $? = 0
configure:4807: g++ -v >&5
Using built-in specs.
COLLECT_GCC=g++
COLLECT_LTO_WRAPPER=/usr/lib/gcc/x86_64-linux-gnu/7/lto-wrapper
OFFLOAD_TARGET_NAMES=nvptx-none
OFFLOAD_TARGET_DEFAULT=1
Target: x86_64-linux-gnu
Configured with: ../src/configure -v --with-pkgversion='Ubuntu 7.3.0-27ubuntu1~18.04' --with-bugurl=file:///usr/share/doc/gcc-7/README.Bugs --enable-languages=c,ada,c++,go,brig,d,fortran,objc,obj-c++ --prefix=/usr --with-gcc-major-version-only --program-suffix=-7 --program-prefix=x86_64-linux-gnu- --enable-shared --enable-linker-build-id --libexecdir=/usr/lib --without-included-gettext --enable-threads=posix --libdir=/usr/lib --enable-nls --with-sysroot=/ --enable-clocale=gnu --enable-libstdcxx-debug --enable-libstdcxx-time=yes --with-default-libstdcxx-abi=new --enable-gnu-unique-object --disable-vtable-verify --enable-libmpx --enable-plugin --enable-default-pie --with-system-zlib --with-target-system-zlib --enable-objc-gc=auto --enable-multiarch --disable-werror --with-arch-32=i686 --with-abi=m64 --with-multilib-list=m32,m64,mx32 --enable-multilib --with-tune=generic --enable-offload-targets=nvptx-none --without-cuda-driver --enable-checking=release --build=x86_64-linux-gnu --host=x86_64-linux-gnu --target=x86_64-linux-gnu
Thread model: posix
gcc version 7.3.0 (Ubuntu 7.3.0-27ubuntu1~18.04) 
configure:4818: $? = 0
configure:4807: g++ -V >&5
g++: error: unrecognized command line option '-V'
g++: fatal error: no input files
compilation terminated.
configure:4818: $? = 1
configure:4807: g++ -qversion >&5
g++: error: unrecognized command line option '-qversion'; did you mean '--version'?
g++: fatal error: no input files
compilation terminated.
configure:4818: $? = 1
configure:4822: checking whether we are using the GNU C++ compiler
configure:4841: g++ -c   conftest.cpp >&5
configure:4841: $? = 0
configure:4850: result: yes
configure:4859: checking whether g++ accepts -g
configure:4879: g++ -c -g  conftest.cpp >&5
configure:4879: $? = 0
configure:4920: result: yes
configure:4945: checking dependency style of g++
configure:5056: result: gcc3
configure:5074: checking for family name of compiler
configure:5092: g++ -o conftest    conftest.cpp  >&5
conftest.cpp:15:7: error: 'pas' does not name a type
       pas intel
       ^~~
configure:5092: $? = 1
configure: program exited with status 1
configure: failed program was:
| /* confdefs.h */
| #define PACKAGE_NAME "LinBox"
| #define PACKAGE_TARNAME "linbox"
| #define PACKAGE_VERSION "1.5.2"
| #define PACKAGE_STRING "LinBox 1.5.2"
| #define PACKAGE_BUGREPORT "linbox-use@googlegroups.com"
| #define PACKAGE_URL "http://www.linalg.org/"
| #define PACKAGE "linbox"
| #define VERSION "1.5.2"
| /* end confdefs.h.  */
| 
|            #ifdef __INTEL_COMPILER
| 				int main() { return 0 ; }
| 			#else
| 			   pas intel
| 		   #endif
configure:5121: g++ -o conftest    conftest.cpp  >&5
conftest.cpp:15:8: error: 'pas' does not name a type
        pas ekopath non plus.
        ^~~
configure:5121: $? = 1
configure: program exited with status 1
configure: failed program was:
| /* confdefs.h */
| #define PACKAGE_NAME "LinBox"
| #define PACKAGE_TARNAME "linbox"
| #define PACKAGE_VERSION "1.5.2"
| #define PACKAGE_STRING "LinBox 1.5.2"
| #define PACKAGE_BUGREPORT "linbox-use@googlegroups.com"
| #define PACKAGE_URL "http://www.linalg.org/"
| #define PACKAGE "linbox"
| #define VERSION "1.5.2"
| /* end confdefs.h.  */
| 
| 				#ifdef __PATHSCALE__
| 				   int main() { return !(__PATHCC__ >= 4) ; }
| 			   #else
| 				   pas ekopath non plus.
| 				#endif
configure:5152: g++ -o conftest    conftest.cpp  >&5
conftest.cpp:15:8: error: expected unqualified-id before 'not' token
        not clang3.9
        ^~~
configure:5152: $? = 1
configure: program exited with status 1
configure: failed program was:
| /* confdefs.h */
| #define PACKAGE_NAME "LinBox"
| #define PACKAGE_TARNAME "linbox"
| #define PACKAGE_VERSION "1.5.2"
| #define PACKAGE_STRING "LinBox 1.5.2"
| #define PACKAGE_BUGREPORT "linbox-use@googlegroups.com"
| #define PACKAGE_URL "http://www.linalg.org/"
| #define PACKAGE "linbox"
| #define VERSION "1.5.2"
| /* end confdefs.h.  */
| 
| 				#ifdef __clang__
| 				   int main() { return !((__clang_major__ >= 4) || (__clang_major__  >=3 && __clang_minor__ >= 9)) ; }
| 			   #else
| 				   not clang3.9
| 				#endif
configure:5182: g++ -o conftest    conftest.cpp  >&5
conftest.cpp:15:8: error: expected unqualified-id before 'not' token
        not clang3.8s
        ^~~
configure:5182: $? = 1
configure: program exited with status 1
configure: failed program was:
| /* confdefs.h */
| #define PACKAGE_NAME "LinBox"
| #define PACKAGE_TARNAME "linbox"
| #define PACKAGE_VERSION "1.5.2"
| #define PACKAGE_STRING "LinBox 1.5.2"
| #define PACKAGE_BUGREPORT "linbox-use@googlegroups.com"
| #define PACKAGE_URL "http://www.linalg.org/"
| #define PACKAGE "linbox"
| #define VERSION "1.5.2"
| /* end confdefs.h.  */
| 
| 				#ifdef __clang__
| 				   int main() { return !(__clang_major__  ==3 && __clang_minor__ >=1 && __clang_minor__ <=8) ; }
| 			   #else
| 				   not clang3.8s
| 				#endif
configure:5214: g++ -o conftest    conftest.cpp  >&5
configure:5214: $? = 0
configure:5214: ./conftest
configure:5214: $? = 0
configure:5222: result: gcc (Ubuntu 7.3.0-27ubuntu1~18.04) 7.3.0
configure:5453: checking whether g++ supports C++11 features by default
configure:5479: g++ -c   conftest.cpp >&5
configure:5479: $? = 0
configure:5486: result: yes
configure:5659: checking how to run the C++ preprocessor
configure:5686: g++ -E  conftest.cpp
configure:5686: $? = 0
configure:5700: g++ -E  conftest.cpp
conftest.cpp:12:10: fatal error: ac_nonexistent.h: No such file or directory
 #include <ac_nonexistent.h>
          ^~~~~~~~~~~~~~~~~~
compilation terminated.
configure:5700: $? = 1
configure: failed program was:
| /* confdefs.h */
| #define PACKAGE_NAME "LinBox"
| #define PACKAGE_TARNAME "linbox"
| #define PACKAGE_VERSION "1.5.2"
| #define PACKAGE_STRING "LinBox 1.5.2"
| #define PACKAGE_BUGREPORT "linbox-use@googlegroups.com"
| #define PACKAGE_URL "http://www.linalg.org/"
| #define PACKAGE "linbox"
| #define VERSION "1.5.2"
| #define HAVE_CXX11 1
| /* end confdefs.h.  */
| #include <ac_nonexistent.h>
configure:5725: result: g++ -E
configure:5745: g++ -E  conftest.cpp
configure:5745: $? = 0
configure:5759: g++ -E  conftest.cpp
conftest.cpp:12:10: fatal error: ac_nonexistent.h: No such file or directory
 #include <ac_nonexistent.h>
          ^~~~~~~~~~~~~~~~~~
compilation terminated.
configure:5759: $? = 1
configure: failed program was:
| /* confdefs.h */
| #define PACKAGE_NAME "LinBox"
| #define PACKAGE_TARNAME "linbox"
| #define PACKAGE_VERSION "1.5.2"
| #define PACKAGE_STRING "LinBox 1.5.2"
| #define PACKAGE_BUGREPORT "linbox-use@googlegroups.com"
| #define PACKAGE_URL "http://www.linalg.org/"
| #define PACKAGE "linbox"
| #define VERSION "1.5.2"
| #define HAVE_CXX11 1
| /* end confdefs.h.  */
| #include <ac_nonexistent.h>
configure:5788: checking for grep that handles long lines and -e
configure:5846: result: /bin/grep
configure:5851: checking for egrep
configure:5913: result: /bin/grep -E
configure:5918: checking for ANSI C header files
configure:5938: g++ -c   conftest.cpp >&5
configure:5938: $? = 0
configure:6011: g++ -o conftest    conftest.cpp  >&5
configure:6011: $? = 0
configure:6011: ./conftest
configure:6011: $? = 0
configure:6022: result: yes
configure:6059: checking build system type
configure:6073: result: x86_64-pc-linux-gnu
configure:6093: checking host system type
configure:6106: result: x86_64-pc-linux-gnu
configure:6147: checking how to print strings
configure:6174: result: printf
configure:6195: checking for a sed that does not truncate output
configure:6259: result: /bin/sed
configure:6277: checking for fgrep
configure:6339: result: /bin/grep -F
configure:6374: checking for ld used by gcc
configure:6441: result: /usr/bin/ld
configure:6448: checking if the linker (/usr/bin/ld) is GNU ld
configure:6463: result: yes
configure:6475: checking for BSD- or MS-compatible name lister (nm)
configure:6529: result: /usr/bin/nm -B
configure:6659: checking the name lister (/usr/bin/nm -B) interface
configure:6666: g++ -c   conftest.cpp >&5
configure:6669: /usr/bin/nm -B "conftest.o"
configure:6672: output
0000000000000000 B some_variable
configure:6679: result: BSD nm
configure:6682: checking whether ln -s works
configure:6686: result: yes
configure:6694: checking the maximum length of command line arguments
configure:6825: result: 1572864
configure:6873: checking how to convert x86_64-pc-linux-gnu file names to x86_64-pc-linux-gnu format
configure:6913: result: func_convert_file_noop
configure:6920: checking how to convert x86_64-pc-linux-gnu file names to toolchain format
configure:6940: result: func_convert_file_noop
configure:6947: checking for /usr/bin/ld option to reload object files
configure:6954: result: -r
configure:7028: checking for objdump
configure:7044: found /usr/bin/objdump
configure:7055: result: objdump
configure:7087: checking how to recognize dependent libraries
configure:7287: result: pass_all
configure:7372: checking for dlltool
configure:7402: result: no
configure:7432: checking how to associate runtime and link libraries
configure:7459: result: printf %s\n
configure:7583: checking for archiver @FILE support
configure:7600: g++ -c   conftest.cpp >&5
configure:7600: $? = 0
configure:7603: ar cru libconftest.a @conftest.lst >&5
ar: `u' modifier ignored since `D' is the default (see `U')
configure:7606: $? = 0
configure:7611: ar cru libconftest.a @conftest.lst >&5
ar: `u' modifier ignored since `D' is the default (see `U')
ar: conftest.o: No such file or directory
configure:7614: $? = 1
configure:7626: result: @
configure:7684: checking for strip
configure:7700: found /usr/bin/strip
configure:7711: result: strip
configure:7783: checking for ranlib
configure:7799: found /usr/bin/ranlib
configure:7810: result: ranlib
configure:7912: checking command to parse /usr/bin/nm -B output from gcc object
configure:8065: g++ -c   conftest.cpp >&5
configure:8068: $? = 0
configure:8072: /usr/bin/nm -B conftest.o \| sed -n -e 's/^.*[ ]\([ABCDGIRSTW][ABCDGIRSTW]*\)[ ][ ]*\([_A-Za-z][_A-Za-z0-9]*\)$/\1 \2 \2/p' | sed '/ __gnu_lto/d' \> conftest.nm
configure:8075: $? = 0
configure:8141: g++ -o conftest    conftest.cpp conftstm.o >&5
configure:8144: $? = 0
configure:8182: result: ok
configure:8229: checking for sysroot
configure:8259: result: no
configure:8266: checking for a working dd
configure:8304: result: /bin/dd
configure:8308: checking how to truncate binary pipes
configure:8323: result: /bin/dd bs=4096 count=1
configure:8459: g++ -c   conftest.cpp >&5
configure:8462: $? = 0
configure:8652: checking for mt
configure:8668: found /bin/mt
configure:8679: result: mt
configure:8702: checking if mt is a manifest tool
configure:8708: mt '-?'
configure:8716: result: no
configure:9393: checking for sys/types.h
configure:9393: g++ -c   conftest.cpp >&5
configure:9393: $? = 0
configure:9393: result: yes
configure:9393: checking for sys/stat.h
configure:9393: g++ -c   conftest.cpp >&5
configure:9393: $? = 0
configure:9393: result: yes
configure:9393: checking for stdlib.h
configure:9393: g++ -c   conftest.cpp >&5
configure:9393: $? = 0
configure:9393: result: yes
configure:9393: checking for string.h
configure:9393: g++ -c   conftest.cpp >&5
configure:9393: $? = 0
configure:9393: result: yes
configure:9393: checking for memory.h
configure:9393: g++ -c   conftest.cpp >&5
configure:9393: $? = 0
configure:9393: result: yes
configure:9393: checking for strings.h
configure:9393: g++ -c   conftest.cpp >&5
configure:9393: $? = 0
configure:9393: result: yes
configure:9393: checking for inttypes.h
configure:9393: g++ -c   conftest.cpp >&5
configure:9393: $? = 0
configure:9393: result: yes
configure:9393: checking for stdint.h
configure:9393: g++ -c   conftest.cpp >&5
configure:9393: $? = 0
configure:9393: result: yes
configure:9393: checking for unistd.h
configure:9393: g++ -c   conftest.cpp >&5
configure:9393: $? = 0
configure:9393: result: yes
configure:9407: checking for dlfcn.h
configure:9407: g++ -c   conftest.cpp >&5
configure:9407: $? = 0
configure:9407: result: yes
configure:9673: checking for objdir
configure:9688: result: .libs
configure:9952: checking if gcc supports -fno-rtti -fno-exceptions
configure:9970: gcc -c -g -O2  -fno-rtti -fno-exceptions conftest.c >&5
cc1: warning: command line option '-fno-rtti' is valid for C++/ObjC++ but not for C
configure:9974: $? = 0
configure:9987: result: no
configure:10345: checking for gcc option to produce PIC
configure:10352: result: -fPIC -DPIC
configure:10360: checking if gcc PIC flag -fPIC -DPIC works
configure:10378: gcc -c -g -O2  -fPIC -DPIC -DPIC conftest.c >&5
configure:10382: $? = 0
configure:10395: result: yes
configure:10424: checking if gcc static flag -static works
configure:10452: result: yes
configure:10467: checking if gcc supports -c -o file.o
configure:10488: gcc -c -g -O2  -o out/conftest2.o conftest.c >&5
configure:10492: $? = 0
configure:10514: result: yes
configure:10522: checking if gcc supports -c -o file.o
configure:10569: result: yes
configure:10602: checking whether the gcc linker (/usr/bin/ld -m elf_x86_64) supports shared libraries
configure:11865: result: yes
configure:11902: checking whether -lc should be explicitly linked in
configure:11910: gcc -c -g -O2  conftest.c >&5
configure:11913: $? = 0
configure:11928: gcc -shared  -fPIC -DPIC conftest.o  -v -Wl,-soname -Wl,conftest -o conftest 2\>\&1 \| /bin/grep  -lc  \>/dev/null 2\>\&1
configure:11931: $? = 0
configure:11945: result: no
configure:12105: checking dynamic linker characteristics
configure:12686: gcc -o conftest -g -O2   -Wl,-rpath -Wl,/foo conftest.c  >&5
configure:12686: $? = 0
configure:12935: result: GNU/Linux ld.so
configure:13057: checking how to hardcode library paths into programs
configure:13082: result: immediate
configure:13630: checking whether stripping libraries is possible
configure:13635: result: yes
configure:13670: checking if libtool supports shared libraries
configure:13672: result: yes
configure:13675: checking whether to build shared libraries
configure:13700: result: yes
configure:13703: checking whether to build static libraries
configure:13707: result: yes
configure:13730: checking how to run the C++ preprocessor
configure:13796: result: g++ -E
configure:13816: g++ -E  conftest.cpp
configure:13816: $? = 0
configure:13830: g++ -E  conftest.cpp
conftest.cpp:24:10: fatal error: ac_nonexistent.h: No such file or directory
 #include <ac_nonexistent.h>
          ^~~~~~~~~~~~~~~~~~
compilation terminated.
configure:13830: $? = 1
configure: failed program was:
| /* confdefs.h */
| #define PACKAGE_NAME "LinBox"
| #define PACKAGE_TARNAME "linbox"
| #define PACKAGE_VERSION "1.5.2"
| #define PACKAGE_STRING "LinBox 1.5.2"
| #define PACKAGE_BUGREPORT "linbox-use@googlegroups.com"
| #define PACKAGE_URL "http://www.linalg.org/"
| #define PACKAGE "linbox"
| #define VERSION "1.5.2"
| #define HAVE_CXX11 1
| #define STDC_HEADERS 1
| #define HAVE_SYS_TYPES_H 1
| #define HAVE_SYS_STAT_H 1
| #define HAVE_STDLIB_H 1
| #define HAVE_STRING_H 1
| #define HAVE_MEMORY_H 1
| #define HAVE_STRINGS_H 1
| #define HAVE_INTTYPES_H 1
| #define HAVE_STDINT_H 1
| #define HAVE_UNISTD_H 1
| #define HAVE_DLFCN_H 1
| #define LT_OBJDIR ".libs/"
| /* end confdefs.h.  */
| #include <ac_nonexistent.h>
configure:13992: checking for ld used by g++
configure:14059: result: /usr/bin/ld -m elf_x86_64
configure:14066: checking if the linker (/usr/bin/ld -m elf_x86_64) is GNU ld
configure:14081: result: yes
configure:14136: checking whether the g++ linker (/usr/bin/ld -m elf_x86_64) supports shared libraries
configure:15209: result: yes
configure:15245: g++ -c   conftest.cpp >&5
configure:15248: $? = 0
configure:15729: checking for g++ option to produce PIC
configure:15736: result: -fPIC -DPIC
configure:15744: checking if g++ PIC flag -fPIC -DPIC works
configure:15762: g++ -c   -fPIC -DPIC -DPIC conftest.cpp >&5
configure:15766: $? = 0
configure:15779: result: yes
configure:15802: checking if g++ static flag -static works
configure:15830: result: yes
configure:15842: checking if g++ supports -c -o file.o
configure:15863: g++ -c   -o out/conftest2.o conftest.cpp >&5
configure:15867: $? = 0
configure:15889: result: yes
configure:15894: checking if g++ supports -c -o file.o
configure:15941: result: yes
configure:15971: checking whether the g++ linker (/usr/bin/ld -m elf_x86_64) supports shared libraries
configure:16014: result: yes
configure:16155: checking dynamic linker characteristics
configure:16912: result: GNU/Linux ld.so
configure:16977: checking how to hardcode library paths into programs
configure:17002: result: immediate
configure:17063: checking for a sed that does not truncate output
configure:17127: result: /bin/sed
configure:17227: g++ -o conftest  -I.  conftest.cpp  >&5
configure:17227: $? = 0
configure:17227: ./conftest
configure:17227: $? = 9
configure: program exited with status 9
configure: failed program was:
| /* confdefs.h */
| #define PACKAGE_NAME "LinBox"
| #define PACKAGE_TARNAME "linbox"
| #define PACKAGE_VERSION "1.5.2"
| #define PACKAGE_STRING "LinBox 1.5.2"
| #define PACKAGE_BUGREPORT "linbox-use@googlegroups.com"
| #define PACKAGE_URL "http://www.linalg.org/"
| #define PACKAGE "linbox"
| #define VERSION "1.5.2"
| #define HAVE_CXX11 1
| #define STDC_HEADERS 1
| #define HAVE_SYS_TYPES_H 1
| #define HAVE_SYS_STAT_H 1
| #define HAVE_STDLIB_H 1
| #define HAVE_STRING_H 1
| #define HAVE_MEMORY_H 1
| #define HAVE_STRINGS_H 1
| #define HAVE_INTTYPES_H 1
| #define HAVE_STDINT_H 1
| #define HAVE_UNISTD_H 1
| #define HAVE_DLFCN_H 1
| #define LT_OBJDIR ".libs/"
| /* end confdefs.h.  */
| 
|                         #include "macros/CodeChunk/instrset_detect.cpp"
|                         // increment by one to distinguish from compilation failure error code
|                         int main(){return instrset_detect()+1;}
| 
configure:17316: g++ -o conftest  -I.  conftest.cpp  >&5
configure:17316: $? = 0
configure:17316: ./conftest
configure:17316: $? = 0
configure:17347: g++ -o conftest  -I.  conftest.cpp  >&5
configure:17347: $? = 0
configure:17347: ./conftest
configure:17347: $? = 1
configure: program exited with status 1
configure: failed program was:
| /* confdefs.h */
| #define PACKAGE_NAME "LinBox"
| #define PACKAGE_TARNAME "linbox"
| #define PACKAGE_VERSION "1.5.2"
| #define PACKAGE_STRING "LinBox 1.5.2"
| #define PACKAGE_BUGREPORT "linbox-use@googlegroups.com"
| #define PACKAGE_URL "http://www.linalg.org/"
| #define PACKAGE "linbox"
| #define VERSION "1.5.2"
| #define HAVE_CXX11 1
| #define STDC_HEADERS 1
| #define HAVE_SYS_TYPES_H 1
| #define HAVE_SYS_STAT_H 1
| #define HAVE_STDLIB_H 1
| #define HAVE_STRING_H 1
| #define HAVE_MEMORY_H 1
| #define HAVE_STRINGS_H 1
| #define HAVE_INTTYPES_H 1
| #define HAVE_STDINT_H 1
| #define HAVE_UNISTD_H 1
| #define HAVE_DLFCN_H 1
| #define LT_OBJDIR ".libs/"
| /* end confdefs.h.  */
| 
|                         #include "macros/CodeChunk/instrset_detect.cpp"
|                         int main(){return !hasFMA4();}
| 
configure:17377: checking enabling OpenMP
configure:17410: g++ -o conftest  -fopenmp   conftest.cpp  >&5
configure:17410: $? = 0
configure:17410: ./conftest
configure:17410: $? = 0
configure:17425: result: yes
configure:17468: checking size of char
configure:17473: g++ -o conftest    conftest.cpp  >&5
configure:17473: $? = 0
configure:17473: ./conftest
configure:17473: $? = 0
configure:17487: result: 1
configure:17501: checking size of short
configure:17506: g++ -o conftest    conftest.cpp  >&5
configure:17506: $? = 0
configure:17506: ./conftest
configure:17506: $? = 0
configure:17520: result: 2
configure:17534: checking size of int
configure:17539: g++ -o conftest    conftest.cpp  >&5
configure:17539: $? = 0
configure:17539: ./conftest
configure:17539: $? = 0
configure:17553: result: 4
configure:17567: checking size of long
configure:17572: g++ -o conftest    conftest.cpp  >&5
configure:17572: $? = 0
configure:17572: ./conftest
configure:17572: $? = 0
configure:17586: result: 8
configure:17600: checking size of long long
configure:17605: g++ -o conftest    conftest.cpp  >&5
configure:17605: $? = 0
configure:17605: ./conftest
configure:17605: $? = 0
configure:17619: result: 8
configure:17633: checking size of __int64
configure:17638: g++ -o conftest    conftest.cpp  >&5
conftest.cpp: In function 'long int longval()':
conftest.cpp:63:57: error: '__int64' was not declared in this scope
 static long int longval () { return (long int) (sizeof (__int64)); }
                                                         ^~~~~~~
conftest.cpp:63:57: note: suggested alternative: '__int64_t'
 static long int longval () { return (long int) (sizeof (__int64)); }
                                                         ^~~~~~~
                                                         __int64_t
conftest.cpp: In function 'long unsigned int ulongval()':
conftest.cpp:64:67: error: '__int64' was not declared in this scope
 static unsigned long int ulongval () { return (long int) (sizeof (__int64)); }
                                                                   ^~~~~~~
conftest.cpp:64:67: note: suggested alternative: '__int64_t'
 static unsigned long int ulongval () { return (long int) (sizeof (__int64)); }
                                                                   ^~~~~~~
                                                                   __int64_t
conftest.cpp: In function 'int main()':
conftest.cpp:74:28: error: '__int64' was not declared in this scope
   if (((long int) (sizeof (__int64))) < 0)
                            ^~~~~~~
conftest.cpp:74:28: note: suggested alternative: '__int64_t'
   if (((long int) (sizeof (__int64))) < 0)
                            ^~~~~~~
                            __int64_t
configure:17638: $? = 1
configure: program exited with status 1
configure: failed program was:
| /* confdefs.h */
| #define PACKAGE_NAME "LinBox"
| #define PACKAGE_TARNAME "linbox"
| #define PACKAGE_VERSION "1.5.2"
| #define PACKAGE_STRING "LinBox 1.5.2"
| #define PACKAGE_BUGREPORT "linbox-use@googlegroups.com"
| #define PACKAGE_URL "http://www.linalg.org/"
| #define PACKAGE "linbox"
| #define VERSION "1.5.2"
| #define HAVE_CXX11 1
| #define STDC_HEADERS 1
| #define HAVE_SYS_TYPES_H 1
| #define HAVE_SYS_STAT_H 1
| #define HAVE_STDLIB_H 1
| #define HAVE_STRING_H 1
| #define HAVE_MEMORY_H 1
| #define HAVE_STRINGS_H 1
| #define HAVE_INTTYPES_H 1
| #define HAVE_STDINT_H 1
| #define HAVE_UNISTD_H 1
| #define HAVE_DLFCN_H 1
| #define LT_OBJDIR ".libs/"
| #define USE_OPENMP 1
| #define SIZEOF_CHAR 1
| #define SIZEOF_SHORT 2
| #define SIZEOF_INT 4
| #define SIZEOF_LONG 8
| #define SIZEOF_LONG_LONG 8
| /* end confdefs.h.  */
| #include <stdio.h>
| #ifdef HAVE_SYS_TYPES_H
| # include <sys/types.h>
| #endif
| #ifdef HAVE_SYS_STAT_H
| # include <sys/stat.h>
| #endif
| #ifdef STDC_HEADERS
| # include <stdlib.h>
| # include <stddef.h>
| #else
| # ifdef HAVE_STDLIB_H
| #  include <stdlib.h>
| # endif
| #endif
| #ifdef HAVE_STRING_H
| # if !defined STDC_HEADERS && defined HAVE_MEMORY_H
| #  include <memory.h>
| # endif
| # include <string.h>
| #endif
| #ifdef HAVE_STRINGS_H
| # include <strings.h>
| #endif
| #ifdef HAVE_INTTYPES_H
| # include <inttypes.h>
| #endif
| #ifdef HAVE_STDINT_H
| # include <stdint.h>
| #endif
| #ifdef HAVE_UNISTD_H
| # include <unistd.h>
| #endif
| static long int longval () { return (long int) (sizeof (__int64)); }
| static unsigned long int ulongval () { return (long int) (sizeof (__int64)); }
| #include <stdio.h>
| #include <stdlib.h>
| int
| main ()
| {
| 
|   FILE *f = fopen ("conftest.val", "w");
|   if (! f)
|     return 1;
|   if (((long int) (sizeof (__int64))) < 0)
|     {
|       long int i = longval ();
|       if (i != ((long int) (sizeof (__int64))))
| 	return 1;
|       fprintf (f, "%ld", i);
|     }
|   else
|     {
|       unsigned long int i = ulongval ();
|       if (i != ((long int) (sizeof (__int64))))
| 	return 1;
|       fprintf (f, "%lu", i);
|     }
|   /* Do not output a trailing newline, as this causes \r\n confusion
|      on some platforms.  */
|   return ferror (f) || fclose (f) != 0;
| 
|   ;
|   return 0;
| }
configure:17652: result: 0
configure:17664: checking for ANSI C header files
configure:17768: result: yes
configure:17779: checking float.h usability
configure:17779: g++ -c   conftest.cpp >&5
configure:17779: $? = 0
configure:17779: result: yes
configure:17779: checking float.h presence
configure:17779: g++ -E  conftest.cpp
configure:17779: $? = 0
configure:17779: result: yes
configure:17779: checking for float.h
configure:17779: result: yes
configure:17779: checking limits.h usability
configure:17779: g++ -c   conftest.cpp >&5
configure:17779: $? = 0
configure:17779: result: yes
configure:17779: checking limits.h presence
configure:17779: g++ -E  conftest.cpp
configure:17779: $? = 0
configure:17779: result: yes
configure:17779: checking for limits.h
configure:17779: result: yes
configure:17779: checking stddef.h usability
configure:17779: g++ -c   conftest.cpp >&5
configure:17779: $? = 0
configure:17779: result: yes
configure:17779: checking stddef.h presence
configure:17779: g++ -E  conftest.cpp
configure:17779: $? = 0
configure:17779: result: yes
configure:17779: checking for stddef.h
configure:17779: result: yes
configure:17779: checking for stdlib.h
configure:17779: result: yes
configure:17779: checking for string.h
configure:17779: result: yes
configure:17779: checking sys/time.h usability
configure:17779: g++ -c   conftest.cpp >&5
configure:17779: $? = 0
configure:17779: result: yes
configure:17779: checking sys/time.h presence
configure:17779: g++ -E  conftest.cpp
configure:17779: $? = 0
configure:17779: result: yes
configure:17779: checking for sys/time.h
configure:17779: result: yes
configure:17779: checking for stdint.h
configure:17779: result: yes
configure:17779: checking pthread.h usability
configure:17779: g++ -c   conftest.cpp >&5
configure:17779: $? = 0
configure:17779: result: yes
configure:17779: checking pthread.h presence
configure:17779: g++ -E  conftest.cpp
configure:17779: $? = 0
configure:17779: result: yes
configure:17779: checking for pthread.h
configure:17779: result: yes
configure:17792: checking whether byte ordering is bigendian
configure:17807: g++ -c   conftest.cpp >&5
conftest.cpp:41:9: error: expected unqualified-id before 'not' token
         not a universal capable compiler
         ^~~
configure:17807: $? = 1
configure: failed program was:
| /* confdefs.h */
| #define PACKAGE_NAME "LinBox"
| #define PACKAGE_TARNAME "linbox"
| #define PACKAGE_VERSION "1.5.2"
| #define PACKAGE_STRING "LinBox 1.5.2"
| #define PACKAGE_BUGREPORT "linbox-use@googlegroups.com"
| #define PACKAGE_URL "http://www.linalg.org/"
| #define PACKAGE "linbox"
| #define VERSION "1.5.2"
| #define HAVE_CXX11 1
| #define STDC_HEADERS 1
| #define HAVE_SYS_TYPES_H 1
| #define HAVE_SYS_STAT_H 1
| #define HAVE_STDLIB_H 1
| #define HAVE_STRING_H 1
| #define HAVE_MEMORY_H 1
| #define HAVE_STRINGS_H 1
| #define HAVE_INTTYPES_H 1
| #define HAVE_STDINT_H 1
| #define HAVE_UNISTD_H 1
| #define HAVE_DLFCN_H 1
| #define LT_OBJDIR ".libs/"
| #define USE_OPENMP 1
| #define SIZEOF_CHAR 1
| #define SIZEOF_SHORT 2
| #define SIZEOF_INT 4
| #define SIZEOF_LONG 8
| #define SIZEOF_LONG_LONG 8
| #define SIZEOF___INT64 0
| #define STDC_HEADERS 1
| #define HAVE_FLOAT_H 1
| #define HAVE_LIMITS_H 1
| #define HAVE_STDDEF_H 1
| #define HAVE_STDLIB_H 1
| #define HAVE_STRING_H 1
| #define HAVE_SYS_TIME_H 1
| #define HAVE_STDINT_H 1
| #define HAVE_PTHREAD_H 1
| /* end confdefs.h.  */
| #ifndef __APPLE_CC__
| 	       not a universal capable compiler
| 	     #endif
| 	     typedef int dummy;
| 
configure:17852: g++ -c   conftest.cpp >&5
configure:17852: $? = 0
configure:17870: g++ -c   conftest.cpp >&5
conftest.cpp: In function 'int main()':
conftest.cpp:47:8: error: 'big' was not declared in this scope
    not big endian
        ^~~
configure:17870: $? = 1
configure: failed program was:
| /* confdefs.h */
| #define PACKAGE_NAME "LinBox"
| #define PACKAGE_TARNAME "linbox"
| #define PACKAGE_VERSION "1.5.2"
| #define PACKAGE_STRING "LinBox 1.5.2"
| #define PACKAGE_BUGREPORT "linbox-use@googlegroups.com"
| #define PACKAGE_URL "http://www.linalg.org/"
| #define PACKAGE "linbox"
| #define VERSION "1.5.2"
| #define HAVE_CXX11 1
| #define STDC_HEADERS 1
| #define HAVE_SYS_TYPES_H 1
| #define HAVE_SYS_STAT_H 1
| #define HAVE_STDLIB_H 1
| #define HAVE_STRING_H 1
| #define HAVE_MEMORY_H 1
| #define HAVE_STRINGS_H 1
| #define HAVE_INTTYPES_H 1
| #define HAVE_STDINT_H 1
| #define HAVE_UNISTD_H 1
| #define HAVE_DLFCN_H 1
| #define LT_OBJDIR ".libs/"
| #define USE_OPENMP 1
| #define SIZEOF_CHAR 1
| #define SIZEOF_SHORT 2
| #define SIZEOF_INT 4
| #define SIZEOF_LONG 8
| #define SIZEOF_LONG_LONG 8
| #define SIZEOF___INT64 0
| #define STDC_HEADERS 1
| #define HAVE_FLOAT_H 1
| #define HAVE_LIMITS_H 1
| #define HAVE_STDDEF_H 1
| #define HAVE_STDLIB_H 1
| #define HAVE_STRING_H 1
| #define HAVE_SYS_TIME_H 1
| #define HAVE_STDINT_H 1
| #define HAVE_PTHREAD_H 1
| /* end confdefs.h.  */
| #include <sys/types.h>
| 		#include <sys/param.h>
| 
| int
| main ()
| {
| #if BYTE_ORDER != BIG_ENDIAN
| 		 not big endian
| 		#endif
| 
|   ;
|   return 0;
| }
configure:17998: result: no
configure:18076: checking whether to compile the drivers
configure:18088: result: no
configure:18162: checking for pkg-config
configure:18180: found /usr/bin/pkg-config
configure:18192: result: /usr/bin/pkg-config
configure:18217: checking pkg-config is at least version 0.9.0
configure:18220: result: yes
configure:18230: checking for FFLAS_FFPACK
configure:18237: $PKG_CONFIG --exists --print-errors "fflas-ffpack >= 2.3.0"
configure:18240: $? = 0
configure:18254: $PKG_CONFIG --exists --print-errors "fflas-ffpack >= 2.3.0"
configure:18257: $? = 0
configure:18315: result: yes
configure:18323: checking for LAPACK in fflas-ffpack
configure:18356: g++ -o conftest  -fopenmp -fabi-version=6 -I/usr/local/include   conftest.cpp  -L/usr/local/lib -fopenmp /usr/lib/x86_64-linux-gnu/blas/libblas.so -lgivaro -lgmp -lgmpxx >&5
conftest.cpp:45:4: error: 'a' does not name a type
    a pas lapack
    ^
configure:18356: $? = 1
configure: program exited with status 1
configure: failed program was:
| /* confdefs.h */
| #define PACKAGE_NAME "LinBox"
| #define PACKAGE_TARNAME "linbox"
| #define PACKAGE_VERSION "1.5.2"
| #define PACKAGE_STRING "LinBox 1.5.2"
| #define PACKAGE_BUGREPORT "linbox-use@googlegroups.com"
| #define PACKAGE_URL "http://www.linalg.org/"
| #define PACKAGE "linbox"
| #define VERSION "1.5.2"
| #define HAVE_CXX11 1
| #define STDC_HEADERS 1
| #define HAVE_SYS_TYPES_H 1
| #define HAVE_SYS_STAT_H 1
| #define HAVE_STDLIB_H 1
| #define HAVE_STRING_H 1
| #define HAVE_MEMORY_H 1
| #define HAVE_STRINGS_H 1
| #define HAVE_INTTYPES_H 1
| #define HAVE_STDINT_H 1
| #define HAVE_UNISTD_H 1
| #define HAVE_DLFCN_H 1
| #define LT_OBJDIR ".libs/"
| #define USE_OPENMP 1
| #define SIZEOF_CHAR 1
| #define SIZEOF_SHORT 2
| #define SIZEOF_INT 4
| #define SIZEOF_LONG 8
| #define SIZEOF_LONG_LONG 8
| #define SIZEOF___INT64 0
| #define STDC_HEADERS 1
| #define HAVE_FLOAT_H 1
| #define HAVE_LIMITS_H 1
| #define HAVE_STDDEF_H 1
| #define HAVE_STDLIB_H 1
| #define HAVE_STRING_H 1
| #define HAVE_SYS_TIME_H 1
| #define HAVE_STDINT_H 1
| #define HAVE_PTHREAD_H 1
| #define HAVE_LITTLE_ENDIAN 1
| /* end confdefs.h.  */
|    #include "fflas-ffpack/fflas-ffpack-config.h"
| 	#ifdef __FFLASFFPACK_HAVE_LAPACK
| 	   int main() { return 0 ; }
|    #else
|    a pas lapack
|    #endif
| 
configure:18373: result: no
configure:18419: checking for IML
configure:18521: result: not found
configure:18562: checking for M4RI
configure:18669: result: not found
configure:18710: checking for M4RIE
configure:18817: result: not found
configure:18856: checking for MPFR
configure:18965: result: not found
configure:19006: checking for FPLLL >= 4.0.1
configure:19116: result: not found
configure:19157: checking for FLINT
configure:19275: result: >=2.4 not found 
configure:19317: checking for NTL >= 5.0
configure:19416: result: not found
configure:19716: checking whether to compile the SAGE interface
configure:19746: result: no
configure:19936: checking whether gnuplot works
configure:19941: result: yes
configure:19955: checking whether ps2pdf works
configure:19960: result: yes
configure:19976: checking if tinyxml2 is available
configure:19994: g++ -o conftest    conftest.cpp  -ltinyxml2 >&5
conftest.cpp:43:10: fatal error: tinyxml2.h: No such file or directory
 #include <tinyxml2.h>
          ^~~~~~~~~~~~
compilation terminated.
configure:19994: $? = 1
configure: failed program was:
| /* confdefs.h */
| #define PACKAGE_NAME "LinBox"
| #define PACKAGE_TARNAME "linbox"
| #define PACKAGE_VERSION "1.5.2"
| #define PACKAGE_STRING "LinBox 1.5.2"
| #define PACKAGE_BUGREPORT "linbox-use@googlegroups.com"
| #define PACKAGE_URL "http://www.linalg.org/"
| #define PACKAGE "linbox"
| #define VERSION "1.5.2"
| #define HAVE_CXX11 1
| #define STDC_HEADERS 1
| #define HAVE_SYS_TYPES_H 1
| #define HAVE_SYS_STAT_H 1
| #define HAVE_STDLIB_H 1
| #define HAVE_STRING_H 1
| #define HAVE_MEMORY_H 1
| #define HAVE_STRINGS_H 1
| #define HAVE_INTTYPES_H 1
| #define HAVE_STDINT_H 1
| #define HAVE_UNISTD_H 1
| #define HAVE_DLFCN_H 1
| #define LT_OBJDIR ".libs/"
| #define USE_OPENMP 1
| #define SIZEOF_CHAR 1
| #define SIZEOF_SHORT 2
| #define SIZEOF_INT 4
| #define SIZEOF_LONG 8
| #define SIZEOF_LONG_LONG 8
| #define SIZEOF___INT64 0
| #define STDC_HEADERS 1
| #define HAVE_FLOAT_H 1
| #define HAVE_LIMITS_H 1
| #define HAVE_STDDEF_H 1
| #define HAVE_STDLIB_H 1
| #define HAVE_STRING_H 1
| #define HAVE_SYS_TIME_H 1
| #define HAVE_STDINT_H 1
| #define HAVE_PTHREAD_H 1
| #define HAVE_LITTLE_ENDIAN 1
| #define HAVE_GNUPLOT 1
| #define HAVE_GHOSTSCRIPT 1
| /* end confdefs.h.  */
| #include <tinyxml2.h>
| int
| main ()
| {
| 
|       using namespace tinyxml2 ;
|       XMLDocument doc;
| 
|   ;
|   return 0;
| }
configure:20005: result: no
configure:20007: WARNING: tinyxml2 is not installed (no import/export of benchmarks).
configure:20018: checking whether to build documentation
configure:20078: result: no
configure:20092: checking whether dot works
configure:20096: result: yes
configure:20137: checking for OpenCL >= 1.0
configure:20183: result: not found
configure:20350: checking that generated files are newer than configure
configure:20356: result: done
configure:20472: creating ./config.status

## ---------------------- ##
## Running config.status. ##
## ---------------------- ##

This file was extended by LinBox config.status 1.5.2, which was
generated by GNU Autoconf 2.69.  Invocation command line was

  CONFIG_FILES    = 
  CONFIG_HEADERS  = 
  CONFIG_LINKS    = 
  CONFIG_COMMANDS = 
  $ ./config.status 

on DESKTOP-NMA8G2V

config.status:1296: creating Makefile
config.status:1296: creating linbox-config
config.status:1296: creating examples/Makefile
config.status:1296: creating examples/data/Makefile
config.status:1296: creating doc/Makefile
config.status:1296: creating linbox/Makefile
config.status:1296: creating linbox/algorithms/Makefile
config.status:1296: creating linbox/algorithms/gauss/Makefile
config.status:1296: creating linbox/algorithms/matrix-blas3/Makefile
config.status:1296: creating linbox/algorithms/opencl-kernels/Makefile
config.status:1296: creating linbox/algorithms/polynomial-matrix/Makefile
config.status:1296: creating linbox/blackbox/Makefile
config.status:1296: creating linbox/element/Makefile
config.status:1296: creating linbox/field/Makefile
config.status:1296: creating linbox/matrix/Makefile
config.status:1296: creating linbox/matrix/sparsematrix/Makefile
config.status:1296: creating linbox/matrix/densematrix/Makefile
config.status:1296: creating linbox/matrix/matrixdomain/Makefile
config.status:1296: creating linbox/matrix/sliced3/Makefile
config.status:1296: creating linbox/randiter/Makefile
config.status:1296: creating linbox/ring/Makefile
config.status:1296: creating linbox/ring/ntl/Makefile
config.status:1296: creating linbox/ring/modular/Makefile
config.status:1296: creating linbox/solutions/Makefile
config.status:1296: creating linbox/util/Makefile
config.status:1296: creating linbox/util/formats/Makefile
config.status:1296: creating linbox/vector/Makefile
config.status:1296: creating linbox/polynomial/Makefile
config.status:1296: creating tests/Makefile
config.status:1296: creating tests/data/Makefile
config.status:1296: creating tests/matrix/Makefile
config.status:1296: creating interfaces/Makefile
config.status:1296: creating interfaces/driver/Makefile
config.status:1296: creating interfaces/maple/Makefile
config.status:1296: creating interfaces/kaapi/Makefile
config.status:1296: creating interfaces/sage/Makefile
config.status:1296: creating macros/Makefile
config.status:1296: creating macros/CodeChunk/Makefile
config.status:1296: creating benchmarks/Makefile
config.status:1296: creating benchmarks/data/Makefile
config.status:1296: creating benchmarks/matrix/Makefile
config.status:1296: creating linbox.pc
config.status:1296: creating config.h
config.status:1525: executing linbox/config.h commands
config.status:1563: creating linbox/config.h - prefix __LINBOX for config.h defines
config.status:1525: executing depfiles commands
config.status:1525: executing libtool commands
configure:23010: WARNING: unrecognized options: --with-givaro, --with-fflas-ffpack

## ---------------- ##
## Cache variables. ##
## ---------------- ##

ac_cv_build=x86_64-pc-linux-gnu
ac_cv_c_bigendian=no
ac_cv_c_compiler_gnu=yes
ac_cv_cxx_compiler_gnu=yes
ac_cv_env_CCC_set=
ac_cv_env_CCC_value=
ac_cv_env_CC_set=
ac_cv_env_CC_value=
ac_cv_env_CFLAGS_set=
ac_cv_env_CFLAGS_value=
ac_cv_env_CPPFLAGS_set=
ac_cv_env_CPPFLAGS_value=
ac_cv_env_CXXCPP_set=
ac_cv_env_CXXCPP_value=
ac_cv_env_CXXFLAGS_set=
ac_cv_env_CXXFLAGS_value=
ac_cv_env_CXX_set=
ac_cv_env_CXX_value=
ac_cv_env_FFLAS_FFPACK_CFLAGS_set=
ac_cv_env_FFLAS_FFPACK_CFLAGS_value=
ac_cv_env_FFLAS_FFPACK_LIBS_set=
ac_cv_env_FFLAS_FFPACK_LIBS_value=
ac_cv_env_LDFLAGS_set=
ac_cv_env_LDFLAGS_value=
ac_cv_env_LIBS_set=
ac_cv_env_LIBS_value=
ac_cv_env_LT_SYS_LIBRARY_PATH_set=
ac_cv_env_LT_SYS_LIBRARY_PATH_value=
ac_cv_env_PKG_CONFIG_LIBDIR_set=
ac_cv_env_PKG_CONFIG_LIBDIR_value=
ac_cv_env_PKG_CONFIG_PATH_set=
ac_cv_env_PKG_CONFIG_PATH_value=
ac_cv_env_PKG_CONFIG_set=
ac_cv_env_PKG_CONFIG_value=
ac_cv_env_build_alias_set=
ac_cv_env_build_alias_value=
ac_cv_env_host_alias_set=
ac_cv_env_host_alias_value=
ac_cv_env_target_alias_set=
ac_cv_env_target_alias_value=
ac_cv_header_dlfcn_h=yes
ac_cv_header_float_h=yes
ac_cv_header_inttypes_h=yes
ac_cv_header_limits_h=yes
ac_cv_header_memory_h=yes
ac_cv_header_pthread_h=yes
ac_cv_header_stdc=yes
ac_cv_header_stddef_h=yes
ac_cv_header_stdint_h=yes
ac_cv_header_stdlib_h=yes
ac_cv_header_string_h=yes
ac_cv_header_strings_h=yes
ac_cv_header_sys_stat_h=yes
ac_cv_header_sys_time_h=yes
ac_cv_header_sys_types_h=yes
ac_cv_header_unistd_h=yes
ac_cv_host=x86_64-pc-linux-gnu
ac_cv_objext=o
ac_cv_path_EGREP='/bin/grep -E'
ac_cv_path_FGREP='/bin/grep -F'
ac_cv_path_GREP=/bin/grep
ac_cv_path_SED=/bin/sed
ac_cv_path_ac_pt_PKG_CONFIG=/usr/bin/pkg-config
ac_cv_path_install='/usr/bin/install -c'
ac_cv_path_lt_DD=/bin/dd
ac_cv_path_mkdir=/bin/mkdir
ac_cv_prog_AWK=gawk
ac_cv_prog_CXXCPP='g++ -E'
ac_cv_prog_ac_ct_AR=ar
ac_cv_prog_ac_ct_CC=gcc
ac_cv_prog_ac_ct_CXX=g++
ac_cv_prog_ac_ct_MANIFEST_TOOL=mt
ac_cv_prog_ac_ct_OBJDUMP=objdump
ac_cv_prog_ac_ct_RANLIB=ranlib
ac_cv_prog_ac_ct_STRIP=strip
ac_cv_prog_cc_c89=
ac_cv_prog_cc_g=yes
ac_cv_prog_cxx_g=yes
ac_cv_prog_make_make_set=yes
ac_cv_sizeof___int64=0
ac_cv_sizeof_char=1
ac_cv_sizeof_int=4
ac_cv_sizeof_long=8
ac_cv_sizeof_long_long=8
ac_cv_sizeof_short=2
am_cv_CC_dependencies_compiler_type=gcc3
am_cv_CXX_dependencies_compiler_type=gcc3
am_cv_ar_interface=ar
am_cv_make_support_nested_variables=yes
am_cv_prog_cc_c_o=yes
ax_cv_cxx_compile_cxx11=yes
lt_cv_ar_at_file=@
lt_cv_archive_cmds_need_lc=no
lt_cv_deplibs_check_method=pass_all
lt_cv_file_magic_cmd='$MAGIC_CMD'
lt_cv_file_magic_test_file=
lt_cv_ld_reload_flag=-r
lt_cv_nm_interface='BSD nm'
lt_cv_objdir=.libs
lt_cv_path_LD=/usr/bin/ld
lt_cv_path_LDCXX='/usr/bin/ld -m elf_x86_64'
lt_cv_path_NM='/usr/bin/nm -B'
lt_cv_path_mainfest_tool=no
lt_cv_prog_compiler_c_o=yes
lt_cv_prog_compiler_c_o_CXX=yes
lt_cv_prog_compiler_pic='-fPIC -DPIC'
lt_cv_prog_compiler_pic_CXX='-fPIC -DPIC'
lt_cv_prog_compiler_pic_works=yes
lt_cv_prog_compiler_pic_works_CXX=yes
lt_cv_prog_compiler_rtti_exceptions=no
lt_cv_prog_compiler_static_works=yes
lt_cv_prog_compiler_static_works_CXX=yes
lt_cv_prog_gnu_ld=yes
lt_cv_prog_gnu_ldcxx=yes
lt_cv_sharedlib_from_linklib_cmd='printf %s\n'
lt_cv_shlibpath_overrides_runpath=yes
lt_cv_sys_global_symbol_pipe='sed -n -e '\''s/^.*[	 ]\([ABCDGIRSTW][ABCDGIRSTW]*\)[	 ][	 ]*\([_A-Za-z][_A-Za-z0-9]*\)$/\1 \2 \2/p'\'' | sed '\''/ __gnu_lto/d'\'''
lt_cv_sys_global_symbol_to_c_name_address='sed -n -e '\''s/^: \(.*\) .*$/  {"\1", (void *) 0},/p'\'' -e '\''s/^[ABCDGIRSTW][ABCDGIRSTW]* .* \(.*\)$/  {"\1", (void *) \&\1},/p'\'''
lt_cv_sys_global_symbol_to_c_name_address_lib_prefix='sed -n -e '\''s/^: \(.*\) .*$/  {"\1", (void *) 0},/p'\'' -e '\''s/^[ABCDGIRSTW][ABCDGIRSTW]* .* \(lib.*\)$/  {"\1", (void *) \&\1},/p'\'' -e '\''s/^[ABCDGIRSTW][ABCDGIRSTW]* .* \(.*\)$/  {"lib\1", (void *) \&\1},/p'\'''
lt_cv_sys_global_symbol_to_cdecl='sed -n -e '\''s/^T .* \(.*\)$/extern int \1();/p'\'' -e '\''s/^[ABCDGIRSTW][ABCDGIRSTW]* .* \(.*\)$/extern char \1;/p'\'''
lt_cv_sys_global_symbol_to_import=
lt_cv_sys_max_cmd_len=1572864
lt_cv_to_host_file_cmd=func_convert_file_noop
lt_cv_to_tool_file_cmd=func_convert_file_noop
lt_cv_truncate_bin='/bin/dd bs=4096 count=1'
pkg_cv_FFLAS_FFPACK_CFLAGS='-fopenmp -fabi-version=6 -I/usr/local/include'
pkg_cv_FFLAS_FFPACK_LIBS='-L/usr/local/lib -fopenmp /usr/lib/x86_64-linux-gnu/blas/libblas.so -lgivaro -lgmp -lgmpxx'

## ----------------- ##
## Output variables. ##
## ----------------- ##

ACLOCAL='${SHELL} /home/kashbari/git_repo/LinBoxPython/linbox-1.5.2/build-aux/missing aclocal-1.15 -I macros'
AMDEPBACKSLASH='\'
AMDEP_FALSE='#'
AMDEP_TRUE=''
AMTAR='$${TAR-tar}'
AM_BACKSLASH='\'
AM_DEFAULT_V='$(AM_DEFAULT_VERBOSITY)'
AM_DEFAULT_VERBOSITY='1'
AM_V='$(V)'
AR='ar'
AUTOCONF='${SHELL} /home/kashbari/git_repo/LinBoxPython/linbox-1.5.2/build-aux/missing autoconf'
AUTOHEADER='${SHELL} /home/kashbari/git_repo/LinBoxPython/linbox-1.5.2/build-aux/missing autoheader'
AUTOMAKE='${SHELL} /home/kashbari/git_repo/LinBoxPython/linbox-1.5.2/build-aux/missing automake-1.15'
AWK='gawk'
CC='gcc'
CCDEPMODE='depmode=gcc3'
CCNAM='gcc48'
CFLAGS='-g -O2'
CPPFLAGS=''
CXX='g++'
CXXCPP='g++ -E'
CXXDEPMODE='depmode=gcc3'
CXXFLAGS='   -msse -msse2 -msse3 -mssse3 -msse4.1 -msse4.2 -mavx -mavx2 -mfma'
CYGPATH_W='echo'
DBG='no'
DEBUG_CFLAGS='-g -DNDEBUG -U_LB_DEBUG'
DEBUG_FALSE=''
DEBUG_TRUE='#'
DEFAULT_CFLAGS='-O2   -Wall -g -DNDEBUG -U_LB_DEBUG'
DEFS='-DHAVE_CONFIG_H'
DEPDIR='.deps'
DEPS_CFLAGS='-fopenmp -fabi-version=6 -I/usr/local/include     '
DEPS_LIBS='       -L/usr/local/lib -fopenmp /usr/lib/x86_64-linux-gnu/blas/libblas.so -lgivaro -lgmp -lgmpxx '
DLLTOOL='false'
DSYMUTIL=''
DUMPBIN=''
ECHO_C=''
ECHO_N='-n'
ECHO_T=''
EGREP='/bin/grep -E'
EXEEXT=''
EXPAT_CFLAGS=''
EXPAT_LIBS=''
FFLAS_FFPACK_CFLAGS='-fopenmp -fabi-version=6 -I/usr/local/include'
FFLAS_FFPACK_LIBS='-L/usr/local/lib -fopenmp /usr/lib/x86_64-linux-gnu/blas/libblas.so -lgivaro -lgmp -lgmpxx'
FGREP='/bin/grep -F'
FLINT_CFLAGS=''
FLINT_LIBS=''
FPLLL_CFLAGS=''
FPLLL_LIBS=''
GREP='/bin/grep'
HAVE_CXX11='1'
IML_CFLAGS=''
IML_LIBS=''
INSIDE_GNOME_COMMON_FALSE=''
INSIDE_GNOME_COMMON_TRUE='#'
INSTALL_DATA='${INSTALL} -m 644'
INSTALL_PROGRAM='${INSTALL}'
INSTALL_SCRIPT='${INSTALL}'
INSTALL_STRIP_PROGRAM='$(install_sh) -c -s'
LD='/usr/bin/ld -m elf_x86_64'
LDFLAGS=''
LIBOBJS=''
LIBS=''
LIBTOOL='$(SHELL) $(top_builddir)/libtool'
LINBOXSAGE_LIBS=''
LINBOX_BENCH_PATH='NONE/benchmarks'
LINBOX_BUILD_DOC_FALSE=''
LINBOX_BUILD_DOC_TRUE='#'
LINBOX_COMPILE_DRIVERS_FALSE=''
LINBOX_COMPILE_DRIVERS_TRUE='#'
LINBOX_DOC_PATH='NONE/doc'
LINBOX_HAVE_EXPAT_FALSE=''
LINBOX_HAVE_EXPAT_TRUE='#'
LINBOX_HAVE_FLINT_FALSE=''
LINBOX_HAVE_FLINT_TRUE='#'
LINBOX_HAVE_FPLLL_FALSE=''
LINBOX_HAVE_FPLLL_TRUE='#'
LINBOX_HAVE_IML_FALSE=''
LINBOX_HAVE_IML_TRUE='#'
LINBOX_HAVE_LAPACK_FALSE=''
LINBOX_HAVE_LAPACK_TRUE='#'
LINBOX_HAVE_M4RIE_FALSE=''
LINBOX_HAVE_M4RIE_TRUE='#'
LINBOX_HAVE_M4RI_FALSE=''
LINBOX_HAVE_M4RI_TRUE='#'
LINBOX_HAVE_MAPLE_FALSE=''
LINBOX_HAVE_MAPLE_TRUE='#'
LINBOX_HAVE_MPFR_FALSE=''
LINBOX_HAVE_MPFR_TRUE='#'
LINBOX_HAVE_NTL_FALSE=''
LINBOX_HAVE_NTL_TRUE='#'
LINBOX_HAVE_OCL_FALSE=''
LINBOX_HAVE_OCL_TRUE='#'
LINBOX_HAVE_OMP_FALSE='#'
LINBOX_HAVE_OMP_TRUE=''
LINBOX_HAVE_SACLIB_FALSE=''
LINBOX_HAVE_SACLIB_TRUE='#'
LINBOX_HAVE_SAGE_FALSE=''
LINBOX_HAVE_SAGE_TRUE='#'
LINBOX_LDFLAGS=''
LIPO=''
LN_S='ln -s'
LTLIBOBJS=''
LT_SYS_LIBRARY_PATH=''
M4RIE_CFLAGS=''
M4RIE_LIBS=''
M4RI_CFLAGS=''
M4RI_LIBS=''
MAKEINFO='${SHELL} /home/kashbari/git_repo/LinBoxPython/linbox-1.5.2/build-aux/missing makeinfo'
MANIFEST_TOOL=':'
MAPLE_CFLAGS=''
MAPLE_HOME=''
MAPLE_LIBS=''
MAPLE_VERSION=''
MKDIR_P='/bin/mkdir -p'
MPFR_CFLAGS=''
MPFR_LIBS=''
NM='/usr/bin/nm -B'
NMEDIT=''
NTL_CFLAGS=''
NTL_LIBS=''
OBJDUMP='objdump'
OBJEXT='o'
OCL_CFLAGS=''
OCL_LIBS=''
OMPFLAGS='-fopenmp'
OTOOL64=''
OTOOL=''
PACKAGE='linbox'
PACKAGE_BUGREPORT='linbox-use@googlegroups.com'
PACKAGE_NAME='LinBox'
PACKAGE_STRING='LinBox 1.5.2'
PACKAGE_TARNAME='linbox'
PACKAGE_URL='http://www.linalg.org/'
PACKAGE_VERSION='1.5.2'
PARFLAGS='${OMPFLAGS}'
PARLIBS='${OMPFLAGS}'
PATH_SEPARATOR=':'
PKG_CONFIG='/usr/bin/pkg-config'
PKG_CONFIG_LIBDIR=''
PKG_CONFIG_PATH=''
PROF='no'
PROFILE_FALSE=''
PROFILE_TRUE='#'
RANLIB='ranlib'
SACLIB_CFLAGS=''
SACLIB_LIBS=''
SED='/bin/sed'
SET_MAKE=''
SHELL='/bin/bash'
SIMD_FLAGS=''
STRIP='strip'
TESTS_CFLAGS='-O2 -Wall -g -DNDEBUG -U_LB_DEBUG'
VERSION='1.5.2'
WARN='no'
XML_LIBS=''
ac_ct_AR='ar'
ac_ct_CC='gcc'
ac_ct_CXX='g++'
ac_ct_DUMPBIN=''
am__EXEEXT_FALSE=''
am__EXEEXT_TRUE='#'
am__fastdepCC_FALSE='#'
am__fastdepCC_TRUE=''
am__fastdepCXX_FALSE='#'
am__fastdepCXX_TRUE=''
am__include='include'
am__isrc=''
am__leading_dot='.'
am__nodep='_no'
am__quote=''
am__tar='$${TAR-tar} chof - "$$tardir"'
am__untar='$${TAR-tar} xf -'
bindir='${exec_prefix}/bin'
build='x86_64-pc-linux-gnu'
build_alias=''
build_cpu='x86_64'
build_os='linux-gnu'
build_vendor='pc'
datadir='${datarootdir}'
datarootdir='${prefix}/share'
docdir='${datarootdir}/doc/${PACKAGE_TARNAME}'
dvidir='${docdir}'
exec_prefix='${prefix}'
host='x86_64-pc-linux-gnu'
host_alias=''
host_cpu='x86_64'
host_os='linux-gnu'
host_vendor='pc'
htmldir='${docdir}'
includedir='${prefix}/include'
infodir='${datarootdir}/info'
install_sh='${SHELL} /home/kashbari/git_repo/LinBoxPython/linbox-1.5.2/build-aux/install-sh'
libdir='${exec_prefix}/lib'
libexecdir='${exec_prefix}/libexec'
localedir='${datarootdir}/locale'
localstatedir='${prefix}/var'
mandir='${datarootdir}/man'
mkdir_p='$(MKDIR_P)'
oldincludedir='/usr/include'
pdfdir='${docdir}'
prefix='/usr/local'
program_transform_name='s,x,x,'
psdir='${docdir}'
runstatedir='${localstatedir}/run'
sbindir='${exec_prefix}/sbin'
sharedstatedir='${prefix}/com'
sysconfdir='${prefix}/etc'
target_alias=''

## ----------- ##
## confdefs.h. ##
## ----------- ##

/* confdefs.h */
#define PACKAGE_NAME "LinBox"
#define PACKAGE_TARNAME "linbox"
#define PACKAGE_VERSION "1.5.2"
#define PACKAGE_STRING "LinBox 1.5.2"
#define PACKAGE_BUGREPORT "linbox-use@googlegroups.com"
#define PACKAGE_URL "http://www.linalg.org/"
#define PACKAGE "linbox"
#define VERSION "1.5.2"
#define HAVE_CXX11 1
#define STDC_HEADERS 1
#define HAVE_SYS_TYPES_H 1
#define HAVE_SYS_STAT_H 1
#define HAVE_STDLIB_H 1
#define HAVE_STRING_H 1
#define HAVE_MEMORY_H 1
#define HAVE_STRINGS_H 1
#define HAVE_INTTYPES_H 1
#define HAVE_STDINT_H 1
#define HAVE_UNISTD_H 1
#define HAVE_DLFCN_H 1
#define LT_OBJDIR ".libs/"
#define USE_OPENMP 1
#define SIZEOF_CHAR 1
#define SIZEOF_SHORT 2
#define SIZEOF_INT 4
#define SIZEOF_LONG 8
#define SIZEOF_LONG_LONG 8
#define SIZEOF___INT64 0
#define STDC_HEADERS 1
#define HAVE_FLOAT_H 1
#define HAVE_LIMITS_H 1
#define HAVE_STDDEF_H 1
#define HAVE_STDLIB_H 1
#define HAVE_STRING_H 1
#define HAVE_SYS_TIME_H 1
#define HAVE_STDINT_H 1
#define HAVE_PTHREAD_H 1
#define HAVE_LITTLE_ENDIAN 1
#define HAVE_GNUPLOT 1
#define HAVE_GHOSTSCRIPT 1

configure: exit 0
