This file contains any messages produced by compilers while
running configure, to aid debugging if configure makes a mistake.

It was created by Givaro configure 4.0.4, which was
generated by GNU Autoconf 2.69.  Invocation command line was

  $ ./configure 

## --------- ##
## Platform. ##
## --------- ##

hostname = DESKTOP-NMA8G2V
uname -m = x86_64
uname -r = 4.4.0-17134-Microsoft
uname -s = Linux
uname -v = #706-Microsoft Mon Apr 01 18:13:00 PST 2019

/usr/bin/uname -p = unknown
/bin/uname -X     = unknown

/bin/arch              = unknown
/usr/bin/arch -k       = unknown
/usr/convex/getsysinfo = unknown
/usr/bin/hostinfo      = unknown
/bin/machine           = unknown
/usr/bin/oslevel       = unknown
/bin/universe          = unknown

PATH: /usr/local/sbin
PATH: /usr/local/bin
PATH: /usr/sbin
PATH: /usr/bin
PATH: /sbin
PATH: /bin
PATH: /snap/bin


## ----------- ##
## Core tests. ##
## ----------- ##

configure:2679: checking build system type
configure:2693: result: x86_64-pc-linux-gnu
configure:2713: checking host system type
configure:2726: result: x86_64-pc-linux-gnu
configure:2746: checking target system type
configure:2759: result: x86_64-pc-linux-gnu
configure:2802: checking for a BSD-compatible install
configure:2870: result: /usr/bin/install -c
configure:2881: checking whether build environment is sane
configure:2936: result: yes
configure:3087: checking for a thread-safe mkdir -p
configure:3126: result: /bin/mkdir -p
configure:3133: checking for gawk
configure:3149: found /usr/bin/gawk
configure:3160: result: gawk
configure:3171: checking whether make sets $(MAKE)
configure:3193: result: yes
configure:3222: checking whether make supports nested variables
configure:3239: result: yes
configure:3381: checking for style of include used by make
configure:3409: result: GNU
configure:3480: checking for gcc
configure:3496: found /usr/bin/gcc
configure:3507: result: gcc
configure:3736: checking for C compiler version
configure:3745: gcc --version >&5
gcc (Ubuntu 7.3.0-27ubuntu1~18.04) 7.3.0
Copyright (C) 2017 Free Software Foundation, Inc.
This is free software; see the source for copying conditions.  There is NO
warranty; not even for MERCHANTABILITY or FITNESS FOR A PARTICULAR PURPOSE.

configure:3756: $? = 0
configure:3745: gcc -v >&5
Using built-in specs.
COLLECT_GCC=gcc
COLLECT_LTO_WRAPPER=/usr/lib/gcc/x86_64-linux-gnu/7/lto-wrapper
OFFLOAD_TARGET_NAMES=nvptx-none
OFFLOAD_TARGET_DEFAULT=1
Target: x86_64-linux-gnu
Configured with: ../src/configure -v --with-pkgversion='Ubuntu 7.3.0-27ubuntu1~18.04' --with-bugurl=file:///usr/share/doc/gcc-7/README.Bugs --enable-languages=c,ada,c++,go,brig,d,fortran,objc,obj-c++ --prefix=/usr --with-gcc-major-version-only --program-suffix=-7 --program-prefix=x86_64-linux-gnu- --enable-shared --enable-linker-build-id --libexecdir=/usr/lib --without-included-gettext --enable-threads=posix --libdir=/usr/lib --enable-nls --with-sysroot=/ --enable-clocale=gnu --enable-libstdcxx-debug --enable-libstdcxx-time=yes --with-default-libstdcxx-abi=new --enable-gnu-unique-object --disable-vtable-verify --enable-libmpx --enable-plugin --enable-default-pie --with-system-zlib --with-target-system-zlib --enable-objc-gc=auto --enable-multiarch --disable-werror --with-arch-32=i686 --with-abi=m64 --with-multilib-list=m32,m64,mx32 --enable-multilib --with-tune=generic --enable-offload-targets=nvptx-none --without-cuda-driver --enable-checking=release --build=x86_64-linux-gnu --host=x86_64-linux-gnu --target=x86_64-linux-gnu
Thread model: posix
gcc version 7.3.0 (Ubuntu 7.3.0-27ubuntu1~18.04) 
configure:3756: $? = 0
configure:3745: gcc -V >&5
gcc: error: unrecognized command line option '-V'
gcc: fatal error: no input files
compilation terminated.
configure:3756: $? = 1
configure:3745: gcc -qversion >&5
gcc: error: unrecognized command line option '-qversion'; did you mean '--version'?
gcc: fatal error: no input files
compilation terminated.
configure:3756: $? = 1
configure:3776: checking whether the C compiler works
configure:3798: gcc    conftest.c  >&5
configure:3802: $? = 0
configure:3850: result: yes
configure:3853: checking for C compiler default output file name
configure:3855: result: a.out
configure:3861: checking for suffix of executables
configure:3868: gcc -o conftest    conftest.c  >&5
configure:3872: $? = 0
configure:3894: result: 
configure:3916: checking whether we are cross compiling
configure:3924: gcc -o conftest    conftest.c  >&5
configure:3928: $? = 0
configure:3935: ./conftest
configure:3939: $? = 0
configure:3954: result: no
configure:3959: checking for suffix of object files
configure:3981: gcc -c   conftest.c >&5
configure:3985: $? = 0
configure:4006: result: o
configure:4010: checking whether we are using the GNU C compiler
configure:4029: gcc -c   conftest.c >&5
configure:4029: $? = 0
configure:4038: result: yes
configure:4047: checking whether gcc accepts -g
configure:4067: gcc -c -g  conftest.c >&5
configure:4067: $? = 0
configure:4108: result: yes
configure:4125: checking for gcc option to accept ISO C89
configure:4188: gcc  -c -g -O2  conftest.c >&5
configure:4188: $? = 0
configure:4201: result: none needed
configure:4226: checking whether gcc understands -c and -o together
configure:4248: gcc -c conftest.c -o conftest2.o
configure:4251: $? = 0
configure:4248: gcc -c conftest.c -o conftest2.o
configure:4251: $? = 0
configure:4263: result: yes
configure:4282: checking dependency style of gcc
configure:4393: result: gcc3
configure:4458: checking for ar
configure:4474: found /usr/bin/ar
configure:4485: result: ar
configure:4511: checking the archiver (ar) interface
configure:4527: gcc -c -g -O2  conftest.c >&5
configure:4527: $? = 0
configure:4529: ar cru libconftest.a conftest.o >&5
ar: `u' modifier ignored since `D' is the default (see `U')
configure:4532: $? = 0
configure:4560: result: ar
configure:4605: checking whether to enable debugging options in the library
configure:4614: result: no
configure:4627: checking whether to enable profiling everything in the library
configure:4636: result: no
configure:4649: checking whether to enable warnings when compiling the library
configure:4658: result: no
configure:4662: checking whether to inline or not most of the code ?
configure:4674: result: no
configure:4761: checking for g++
configure:4777: found /usr/bin/g++
configure:4788: result: g++
configure:4815: checking for C++ compiler version
configure:4824: g++ --version >&5
g++ (Ubuntu 7.3.0-27ubuntu1~18.04) 7.3.0
Copyright (C) 2017 Free Software Foundation, Inc.
This is free software; see the source for copying conditions.  There is NO
warranty; not even for MERCHANTABILITY or FITNESS FOR A PARTICULAR PURPOSE.

configure:4835: $? = 0
configure:4824: g++ -v >&5
Using built-in specs.
COLLECT_GCC=g++
COLLECT_LTO_WRAPPER=/usr/lib/gcc/x86_64-linux-gnu/7/lto-wrapper
OFFLOAD_TARGET_NAMES=nvptx-none
OFFLOAD_TARGET_DEFAULT=1
Target: x86_64-linux-gnu
Configured with: ../src/configure -v --with-pkgversion='Ubuntu 7.3.0-27ubuntu1~18.04' --with-bugurl=file:///usr/share/doc/gcc-7/README.Bugs --enable-languages=c,ada,c++,go,brig,d,fortran,objc,obj-c++ --prefix=/usr --with-gcc-major-version-only --program-suffix=-7 --program-prefix=x86_64-linux-gnu- --enable-shared --enable-linker-build-id --libexecdir=/usr/lib --without-included-gettext --enable-threads=posix --libdir=/usr/lib --enable-nls --with-sysroot=/ --enable-clocale=gnu --enable-libstdcxx-debug --enable-libstdcxx-time=yes --with-default-libstdcxx-abi=new --enable-gnu-unique-object --disable-vtable-verify --enable-libmpx --enable-plugin --enable-default-pie --with-system-zlib --with-target-system-zlib --enable-objc-gc=auto --enable-multiarch --disable-werror --with-arch-32=i686 --with-abi=m64 --with-multilib-list=m32,m64,mx32 --enable-multilib --with-tune=generic --enable-offload-targets=nvptx-none --without-cuda-driver --enable-checking=release --build=x86_64-linux-gnu --host=x86_64-linux-gnu --target=x86_64-linux-gnu
Thread model: posix
gcc version 7.3.0 (Ubuntu 7.3.0-27ubuntu1~18.04) 
configure:4835: $? = 0
configure:4824: g++ -V >&5
g++: error: unrecognized command line option '-V'
g++: fatal error: no input files
compilation terminated.
configure:4835: $? = 1
configure:4824: g++ -qversion >&5
g++: error: unrecognized command line option '-qversion'; did you mean '--version'?
g++: fatal error: no input files
compilation terminated.
configure:4835: $? = 1
configure:4839: checking whether we are using the GNU C++ compiler
configure:4858: g++ -c   conftest.cpp >&5
configure:4858: $? = 0
configure:4867: result: yes
configure:4876: checking whether g++ accepts -g
configure:4896: g++ -c -g  conftest.cpp >&5
configure:4896: $? = 0
configure:4937: result: yes
configure:4962: checking dependency style of g++
configure:5073: result: gcc3
configure:5091: checking for family name of compiler
configure:5109: g++ -o conftest    conftest.cpp  >&5
conftest.cpp:15:4: error: 'pas' does not name a type
    pas intel
    ^~~
configure:5109: $? = 1
configure: program exited with status 1
configure: failed program was:
| /* confdefs.h */
| #define PACKAGE_NAME "Givaro"
| #define PACKAGE_TARNAME "givaro"
| #define PACKAGE_VERSION "4.0.4"
| #define PACKAGE_STRING "Givaro 4.0.4"
| #define PACKAGE_BUGREPORT "http://github.com/linbox-team/givaro"
| #define PACKAGE_URL "http://givaro.forge.imag.fr/"
| #define PACKAGE "givaro"
| #define VERSION "4.0.4"
| /* end confdefs.h.  */
| 
|            #ifdef __INTEL_COMPILER
|    int main() { return 0 ; }
|    #else
|    pas intel
| 		   #endif
configure:5138: g++ -o conftest    conftest.cpp  >&5
conftest.cpp:15:8: error: 'pas' does not name a type
        pas ekopath non plus.
        ^~~
configure:5138: $? = 1
configure: program exited with status 1
configure: failed program was:
| /* confdefs.h */
| #define PACKAGE_NAME "Givaro"
| #define PACKAGE_TARNAME "givaro"
| #define PACKAGE_VERSION "4.0.4"
| #define PACKAGE_STRING "Givaro 4.0.4"
| #define PACKAGE_BUGREPORT "http://github.com/linbox-team/givaro"
| #define PACKAGE_URL "http://givaro.forge.imag.fr/"
| #define PACKAGE "givaro"
| #define VERSION "4.0.4"
| /* end confdefs.h.  */
| 
| 				#ifdef __PATHSCALE__
| 				   int main() { return !(__PATHCC__ >= 4) ; }
| 			   #else
| 				   pas ekopath non plus.
| 				#endif
configure:5169: g++ -o conftest    conftest.cpp  >&5
conftest.cpp:15:8: error: expected unqualified-id before 'not' token
        not clang3.9
        ^~~
configure:5169: $? = 1
configure: program exited with status 1
configure: failed program was:
| /* confdefs.h */
| #define PACKAGE_NAME "Givaro"
| #define PACKAGE_TARNAME "givaro"
| #define PACKAGE_VERSION "4.0.4"
| #define PACKAGE_STRING "Givaro 4.0.4"
| #define PACKAGE_BUGREPORT "http://github.com/linbox-team/givaro"
| #define PACKAGE_URL "http://givaro.forge.imag.fr/"
| #define PACKAGE "givaro"
| #define VERSION "4.0.4"
| /* end confdefs.h.  */
| 
| 				#ifdef __clang__
| 				   int main() { return !((__clang_major__ >= 4) || (__clang_major__  >=3 && __clang_minor__ >= 9)) ; }
| 			   #else
| 				   not clang3.9
| 				#endif
configure:5199: g++ -o conftest    conftest.cpp  >&5
conftest.cpp:15:8: error: expected unqualified-id before 'not' token
        not clang3.8s
        ^~~
configure:5199: $? = 1
configure: program exited with status 1
configure: failed program was:
| /* confdefs.h */
| #define PACKAGE_NAME "Givaro"
| #define PACKAGE_TARNAME "givaro"
| #define PACKAGE_VERSION "4.0.4"
| #define PACKAGE_STRING "Givaro 4.0.4"
| #define PACKAGE_BUGREPORT "http://github.com/linbox-team/givaro"
| #define PACKAGE_URL "http://givaro.forge.imag.fr/"
| #define PACKAGE "givaro"
| #define VERSION "4.0.4"
| /* end confdefs.h.  */
| 
| 				#ifdef __clang__
| 				   int main() { return !(__clang_major__  ==3 && __clang_minor__ >=1 && __clang_minor__ <=8) ; }
| 			   #else
| 				   not clang3.8s
| 				#endif
configure:5232: g++ -o conftest    conftest.cpp  >&5
configure:5232: $? = 0
configure:5232: ./conftest
configure:5232: $? = 0
configure:5240: result: gcc (Ubuntu 7.3.0-27ubuntu1~18.04) 7.3.0
configure:5433: checking whether g++ supports C++11 features by default
configure:5459: g++ -c   conftest.cpp >&5
configure:5459: $? = 0
configure:5466: result: yes
configure:5641: checking how to run the C++ preprocessor
configure:5668: g++ -E  conftest.cpp
configure:5668: $? = 0
configure:5682: g++ -E  conftest.cpp
conftest.cpp:12:10: fatal error: ac_nonexistent.h: No such file or directory
 #include <ac_nonexistent.h>
          ^~~~~~~~~~~~~~~~~~
compilation terminated.
configure:5682: $? = 1
configure: failed program was:
| /* confdefs.h */
| #define PACKAGE_NAME "Givaro"
| #define PACKAGE_TARNAME "givaro"
| #define PACKAGE_VERSION "4.0.4"
| #define PACKAGE_STRING "Givaro 4.0.4"
| #define PACKAGE_BUGREPORT "http://github.com/linbox-team/givaro"
| #define PACKAGE_URL "http://givaro.forge.imag.fr/"
| #define PACKAGE "givaro"
| #define VERSION "4.0.4"
| #define HAVE_CXX11 1
| /* end confdefs.h.  */
| #include <ac_nonexistent.h>
configure:5707: result: g++ -E
configure:5727: g++ -E  conftest.cpp
configure:5727: $? = 0
configure:5741: g++ -E  conftest.cpp
conftest.cpp:12:10: fatal error: ac_nonexistent.h: No such file or directory
 #include <ac_nonexistent.h>
          ^~~~~~~~~~~~~~~~~~
compilation terminated.
configure:5741: $? = 1
configure: failed program was:
| /* confdefs.h */
| #define PACKAGE_NAME "Givaro"
| #define PACKAGE_TARNAME "givaro"
| #define PACKAGE_VERSION "4.0.4"
| #define PACKAGE_STRING "Givaro 4.0.4"
| #define PACKAGE_BUGREPORT "http://github.com/linbox-team/givaro"
| #define PACKAGE_URL "http://givaro.forge.imag.fr/"
| #define PACKAGE "givaro"
| #define VERSION "4.0.4"
| #define HAVE_CXX11 1
| /* end confdefs.h.  */
| #include <ac_nonexistent.h>
configure:5770: checking for grep that handles long lines and -e
configure:5828: result: /bin/grep
configure:5833: checking for egrep
configure:5895: result: /bin/grep -E
configure:5900: checking for ANSI C header files
configure:5920: g++ -c    conftest.cpp >&5
configure:5920: $? = 0
configure:5993: g++ -o conftest     conftest.cpp  >&5
configure:5993: $? = 0
configure:5993: ./conftest
configure:5993: $? = 0
configure:6004: result: yes
configure:6058: checking how to print strings
configure:6085: result: printf
configure:6106: checking for a sed that does not truncate output
configure:6170: result: /bin/sed
configure:6188: checking for fgrep
configure:6250: result: /bin/grep -F
configure:6285: checking for ld used by gcc
configure:6352: result: /usr/bin/ld
configure:6359: checking if the linker (/usr/bin/ld) is GNU ld
configure:6374: result: yes
configure:6386: checking for BSD- or MS-compatible name lister (nm)
configure:6440: result: /usr/bin/nm -B
configure:6570: checking the name lister (/usr/bin/nm -B) interface
configure:6577: g++ -c    conftest.cpp >&5
configure:6580: /usr/bin/nm -B "conftest.o"
configure:6583: output
0000000000000000 B some_variable
configure:6590: result: BSD nm
configure:6593: checking whether ln -s works
configure:6597: result: yes
configure:6605: checking the maximum length of command line arguments
configure:6736: result: 1572864
configure:6784: checking how to convert x86_64-pc-linux-gnu file names to x86_64-pc-linux-gnu format
configure:6824: result: func_convert_file_noop
configure:6831: checking how to convert x86_64-pc-linux-gnu file names to toolchain format
configure:6851: result: func_convert_file_noop
configure:6858: checking for /usr/bin/ld option to reload object files
configure:6865: result: -r
configure:6939: checking for objdump
configure:6955: found /usr/bin/objdump
configure:6966: result: objdump
configure:6998: checking how to recognize dependent libraries
configure:7198: result: pass_all
configure:7283: checking for dlltool
configure:7313: result: no
configure:7343: checking how to associate runtime and link libraries
configure:7370: result: printf %s\n
configure:7494: checking for archiver @FILE support
configure:7511: g++ -c    conftest.cpp >&5
configure:7511: $? = 0
configure:7514: ar cru libconftest.a @conftest.lst >&5
ar: `u' modifier ignored since `D' is the default (see `U')
configure:7517: $? = 0
configure:7522: ar cru libconftest.a @conftest.lst >&5
ar: `u' modifier ignored since `D' is the default (see `U')
ar: conftest.o: No such file or directory
configure:7525: $? = 1
configure:7537: result: @
configure:7595: checking for strip
configure:7611: found /usr/bin/strip
configure:7622: result: strip
configure:7694: checking for ranlib
configure:7710: found /usr/bin/ranlib
configure:7721: result: ranlib
configure:7823: checking command to parse /usr/bin/nm -B output from gcc object
configure:7976: g++ -c    conftest.cpp >&5
configure:7979: $? = 0
configure:7983: /usr/bin/nm -B conftest.o \| sed -n -e 's/^.*[ ]\([ABCDGIRSTW][ABCDGIRSTW]*\)[ ][ ]*\([_A-Za-z][_A-Za-z0-9]*\)$/\1 \2 \2/p' | sed '/ __gnu_lto/d' \> conftest.nm
configure:7986: $? = 0
configure:8052: g++ -o conftest     conftest.cpp conftstm.o >&5
configure:8055: $? = 0
configure:8093: result: ok
configure:8140: checking for sysroot
configure:8170: result: no
configure:8177: checking for a working dd
configure:8215: result: /bin/dd
configure:8219: checking how to truncate binary pipes
configure:8234: result: /bin/dd bs=4096 count=1
configure:8370: g++ -c    conftest.cpp >&5
configure:8373: $? = 0
configure:8563: checking for mt
configure:8579: found /bin/mt
configure:8590: result: mt
configure:8613: checking if mt is a manifest tool
configure:8619: mt '-?'
configure:8627: result: no
configure:9304: checking for sys/types.h
configure:9304: g++ -c    conftest.cpp >&5
configure:9304: $? = 0
configure:9304: result: yes
configure:9304: checking for sys/stat.h
configure:9304: g++ -c    conftest.cpp >&5
configure:9304: $? = 0
configure:9304: result: yes
configure:9304: checking for stdlib.h
configure:9304: g++ -c    conftest.cpp >&5
configure:9304: $? = 0
configure:9304: result: yes
configure:9304: checking for string.h
configure:9304: g++ -c    conftest.cpp >&5
configure:9304: $? = 0
configure:9304: result: yes
configure:9304: checking for memory.h
configure:9304: g++ -c    conftest.cpp >&5
configure:9304: $? = 0
configure:9304: result: yes
configure:9304: checking for strings.h
configure:9304: g++ -c    conftest.cpp >&5
configure:9304: $? = 0
configure:9304: result: yes
configure:9304: checking for inttypes.h
configure:9304: g++ -c    conftest.cpp >&5
configure:9304: $? = 0
configure:9304: result: yes
configure:9304: checking for stdint.h
configure:9304: g++ -c    conftest.cpp >&5
configure:9304: $? = 0
configure:9304: result: yes
configure:9304: checking for unistd.h
configure:9304: g++ -c    conftest.cpp >&5
configure:9304: $? = 0
configure:9304: result: yes
configure:9318: checking for dlfcn.h
configure:9318: g++ -c    conftest.cpp >&5
configure:9318: $? = 0
configure:9318: result: yes
configure:9584: checking for objdir
configure:9599: result: .libs
configure:9863: checking if gcc supports -fno-rtti -fno-exceptions
configure:9881: gcc -c -g -O2  -fno-rtti -fno-exceptions conftest.c >&5
cc1: warning: command line option '-fno-rtti' is valid for C++/ObjC++ but not for C
configure:9885: $? = 0
configure:9898: result: no
configure:10256: checking for gcc option to produce PIC
configure:10263: result: -fPIC -DPIC
configure:10271: checking if gcc PIC flag -fPIC -DPIC works
configure:10289: gcc -c -g -O2  -fPIC -DPIC -DPIC conftest.c >&5
configure:10293: $? = 0
configure:10306: result: yes
configure:10335: checking if gcc static flag -static works
configure:10363: result: yes
configure:10378: checking if gcc supports -c -o file.o
configure:10399: gcc -c -g -O2  -o out/conftest2.o conftest.c >&5
configure:10403: $? = 0
configure:10425: result: yes
configure:10433: checking if gcc supports -c -o file.o
configure:10480: result: yes
configure:10513: checking whether the gcc linker (/usr/bin/ld -m elf_x86_64) supports shared libraries
configure:11776: result: yes
configure:11813: checking whether -lc should be explicitly linked in
configure:11821: gcc -c -g -O2  conftest.c >&5
configure:11824: $? = 0
configure:11839: gcc -shared  -fPIC -DPIC conftest.o  -v -Wl,-soname -Wl,conftest -o conftest 2\>\&1 \| /bin/grep  -lc  \>/dev/null 2\>\&1
configure:11842: $? = 0
configure:11856: result: no
configure:12016: checking dynamic linker characteristics
configure:12597: gcc -o conftest -g -O2   -Wl,-rpath -Wl,/foo conftest.c  >&5
configure:12597: $? = 0
configure:12846: result: GNU/Linux ld.so
configure:12968: checking how to hardcode library paths into programs
configure:12993: result: immediate
configure:13541: checking whether stripping libraries is possible
configure:13546: result: yes
configure:13581: checking if libtool supports shared libraries
configure:13583: result: yes
configure:13586: checking whether to build shared libraries
configure:13611: result: yes
configure:13614: checking whether to build static libraries
configure:13618: result: yes
configure:13641: checking how to run the C++ preprocessor
configure:13707: result: g++ -E
configure:13727: g++ -E  conftest.cpp
configure:13727: $? = 0
configure:13741: g++ -E  conftest.cpp
conftest.cpp:24:10: fatal error: ac_nonexistent.h: No such file or directory
 #include <ac_nonexistent.h>
          ^~~~~~~~~~~~~~~~~~
compilation terminated.
configure:13741: $? = 1
configure: failed program was:
| /* confdefs.h */
| #define PACKAGE_NAME "Givaro"
| #define PACKAGE_TARNAME "givaro"
| #define PACKAGE_VERSION "4.0.4"
| #define PACKAGE_STRING "Givaro 4.0.4"
| #define PACKAGE_BUGREPORT "http://github.com/linbox-team/givaro"
| #define PACKAGE_URL "http://givaro.forge.imag.fr/"
| #define PACKAGE "givaro"
| #define VERSION "4.0.4"
| #define HAVE_CXX11 1
| #define STDC_HEADERS 1
| #define HAVE_SYS_TYPES_H 1
| #define HAVE_SYS_STAT_H 1
| #define HAVE_STDLIB_H 1
| #define HAVE_STRING_H 1
| #define HAVE_MEMORY_H 1
| #define HAVE_STRINGS_H 1
| #define HAVE_INTTYPES_H 1
| #define HAVE_STDINT_H 1
| #define HAVE_UNISTD_H 1
| #define HAVE_DLFCN_H 1
| #define LT_OBJDIR ".libs/"
| /* end confdefs.h.  */
| #include <ac_nonexistent.h>
configure:13903: checking for ld used by g++
configure:13970: result: /usr/bin/ld -m elf_x86_64
configure:13977: checking if the linker (/usr/bin/ld -m elf_x86_64) is GNU ld
configure:13992: result: yes
configure:14047: checking whether the g++ linker (/usr/bin/ld -m elf_x86_64) supports shared libraries
configure:15120: result: yes
configure:15156: g++ -c    conftest.cpp >&5
configure:15159: $? = 0
configure:15640: checking for g++ option to produce PIC
configure:15647: result: -fPIC -DPIC
configure:15655: checking if g++ PIC flag -fPIC -DPIC works
configure:15673: g++ -c    -fPIC -DPIC -DPIC conftest.cpp >&5
configure:15677: $? = 0
configure:15690: result: yes
configure:15713: checking if g++ static flag -static works
configure:15741: result: yes
configure:15753: checking if g++ supports -c -o file.o
configure:15774: g++ -c    -o out/conftest2.o conftest.cpp >&5
configure:15778: $? = 0
configure:15800: result: yes
configure:15805: checking if g++ supports -c -o file.o
configure:15852: result: yes
configure:15882: checking whether the g++ linker (/usr/bin/ld -m elf_x86_64) supports shared libraries
configure:15925: result: yes
configure:16066: checking dynamic linker characteristics
configure:16823: result: GNU/Linux ld.so
configure:16888: checking how to hardcode library paths into programs
configure:16913: result: immediate
configure:17056: g++ -o conftest   -I.  conftest.cpp  >&5
configure:17056: $? = 0
configure:17056: ./conftest
configure:17056: $? = 9
configure: program exited with status 9
configure: failed program was:
| /* confdefs.h */
| #define PACKAGE_NAME "Givaro"
| #define PACKAGE_TARNAME "givaro"
| #define PACKAGE_VERSION "4.0.4"
| #define PACKAGE_STRING "Givaro 4.0.4"
| #define PACKAGE_BUGREPORT "http://github.com/linbox-team/givaro"
| #define PACKAGE_URL "http://givaro.forge.imag.fr/"
| #define PACKAGE "givaro"
| #define VERSION "4.0.4"
| #define HAVE_CXX11 1
| #define STDC_HEADERS 1
| #define HAVE_SYS_TYPES_H 1
| #define HAVE_SYS_STAT_H 1
| #define HAVE_STDLIB_H 1
| #define HAVE_STRING_H 1
| #define HAVE_MEMORY_H 1
| #define HAVE_STRINGS_H 1
| #define HAVE_INTTYPES_H 1
| #define HAVE_STDINT_H 1
| #define HAVE_UNISTD_H 1
| #define HAVE_DLFCN_H 1
| #define LT_OBJDIR ".libs/"
| /* end confdefs.h.  */
| 
|                         #include "macros/CodeChunk/instrset_detect.cpp"
|                         // increment by one to distinguish from compilation failure error code
|                         int main(){return instrset_detect()+1;}
| 
configure:17145: g++ -o conftest   -I.  conftest.cpp  >&5
configure:17145: $? = 0
configure:17145: ./conftest
configure:17145: $? = 0
configure:17176: g++ -o conftest   -I.  conftest.cpp  >&5
configure:17176: $? = 0
configure:17176: ./conftest
configure:17176: $? = 1
configure: program exited with status 1
configure: failed program was:
| /* confdefs.h */
| #define PACKAGE_NAME "Givaro"
| #define PACKAGE_TARNAME "givaro"
| #define PACKAGE_VERSION "4.0.4"
| #define PACKAGE_STRING "Givaro 4.0.4"
| #define PACKAGE_BUGREPORT "http://github.com/linbox-team/givaro"
| #define PACKAGE_URL "http://givaro.forge.imag.fr/"
| #define PACKAGE "givaro"
| #define VERSION "4.0.4"
| #define HAVE_CXX11 1
| #define STDC_HEADERS 1
| #define HAVE_SYS_TYPES_H 1
| #define HAVE_SYS_STAT_H 1
| #define HAVE_STDLIB_H 1
| #define HAVE_STRING_H 1
| #define HAVE_MEMORY_H 1
| #define HAVE_STRINGS_H 1
| #define HAVE_INTTYPES_H 1
| #define HAVE_STDINT_H 1
| #define HAVE_UNISTD_H 1
| #define HAVE_DLFCN_H 1
| #define LT_OBJDIR ".libs/"
| /* end confdefs.h.  */
| 
|                         #include "macros/CodeChunk/instrset_detect.cpp"
|                         int main(){return !hasFMA4();}
| 
configure:17223: checking size of char
configure:17228: g++ -o conftest     conftest.cpp  >&5
configure:17228: $? = 0
configure:17228: ./conftest
configure:17228: $? = 0
configure:17242: result: 1
configure:17256: checking size of short
configure:17261: g++ -o conftest     conftest.cpp  >&5
configure:17261: $? = 0
configure:17261: ./conftest
configure:17261: $? = 0
configure:17275: result: 2
configure:17289: checking size of int
configure:17294: g++ -o conftest     conftest.cpp  >&5
configure:17294: $? = 0
configure:17294: ./conftest
configure:17294: $? = 0
configure:17308: result: 4
configure:17322: checking size of long
configure:17327: g++ -o conftest     conftest.cpp  >&5
configure:17327: $? = 0
configure:17327: ./conftest
configure:17327: $? = 0
configure:17341: result: 8
configure:17355: checking size of long long
configure:17360: g++ -o conftest     conftest.cpp  >&5
configure:17360: $? = 0
configure:17360: ./conftest
configure:17360: $? = 0
configure:17374: result: 8
configure:17388: checking size of __int64_t
configure:17393: g++ -o conftest     conftest.cpp  >&5
configure:17393: $? = 0
configure:17393: ./conftest
configure:17393: $? = 0
configure:17407: result: 8
configure:17425: checking for __int128_t
configure:17425: g++ -c    conftest.cpp >&5
configure:17425: $? = 0
configure:17425: g++ -c    conftest.cpp >&5
conftest.cpp: In function 'int main()':
conftest.cpp:66:24: error: expected primary-expression before ')' token
 if (sizeof ((__int128_t)))
                        ^
configure:17425: $? = 1
configure: failed program was:
| /* confdefs.h */
| #define PACKAGE_NAME "Givaro"
| #define PACKAGE_TARNAME "givaro"
| #define PACKAGE_VERSION "4.0.4"
| #define PACKAGE_STRING "Givaro 4.0.4"
| #define PACKAGE_BUGREPORT "http://github.com/linbox-team/givaro"
| #define PACKAGE_URL "http://givaro.forge.imag.fr/"
| #define PACKAGE "givaro"
| #define VERSION "4.0.4"
| #define HAVE_CXX11 1
| #define STDC_HEADERS 1
| #define HAVE_SYS_TYPES_H 1
| #define HAVE_SYS_STAT_H 1
| #define HAVE_STDLIB_H 1
| #define HAVE_STRING_H 1
| #define HAVE_MEMORY_H 1
| #define HAVE_STRINGS_H 1
| #define HAVE_INTTYPES_H 1
| #define HAVE_STDINT_H 1
| #define HAVE_UNISTD_H 1
| #define HAVE_DLFCN_H 1
| #define LT_OBJDIR ".libs/"
| #define SIZEOF_CHAR 1
| #define SIZEOF_SHORT 2
| #define SIZEOF_INT 4
| #define SIZEOF_LONG 8
| #define SIZEOF_LONG_LONG 8
| #define SIZEOF___INT64_T 8
| /* end confdefs.h.  */
| #include <stdio.h>
| #ifdef HAVE_SYS_TYPES_H
| # include <sys/types.h>
| #endif
| #ifdef HAVE_SYS_STAT_H
| # include <sys/stat.h>
| #endif
| #ifdef STDC_HEADERS
| # include <stdlib.h>
| # include <stddef.h>
| #else
| # ifdef HAVE_STDLIB_H
| #  include <stdlib.h>
| # endif
| #endif
| #ifdef HAVE_STRING_H
| # if !defined STDC_HEADERS && defined HAVE_MEMORY_H
| #  include <memory.h>
| # endif
| # include <string.h>
| #endif
| #ifdef HAVE_STRINGS_H
| # include <strings.h>
| #endif
| #ifdef HAVE_INTTYPES_H
| # include <inttypes.h>
| #endif
| #ifdef HAVE_STDINT_H
| # include <stdint.h>
| #endif
| #ifdef HAVE_UNISTD_H
| # include <unistd.h>
| #endif
| int
| main ()
| {
| if (sizeof ((__int128_t)))
| 	    return 0;
|   ;
|   return 0;
| }
configure:17425: result: yes
configure:17438: g++ -c    conftest.cpp >&5
configure:17438: $? = 0
configure:17450: checking for ANSI C header files
configure:17554: result: yes
configure:17565: checking float.h usability
configure:17565: g++ -c    conftest.cpp >&5
configure:17565: $? = 0
configure:17565: result: yes
configure:17565: checking float.h presence
configure:17565: g++ -E  conftest.cpp
configure:17565: $? = 0
configure:17565: result: yes
configure:17565: checking for float.h
configure:17565: result: yes
configure:17565: checking limits.h usability
configure:17565: g++ -c    conftest.cpp >&5
configure:17565: $? = 0
configure:17565: result: yes
configure:17565: checking limits.h presence
configure:17565: g++ -E  conftest.cpp
configure:17565: $? = 0
configure:17565: result: yes
configure:17565: checking for limits.h
configure:17565: result: yes
configure:17565: checking stddef.h usability
configure:17565: g++ -c    conftest.cpp >&5
configure:17565: $? = 0
configure:17565: result: yes
configure:17565: checking stddef.h presence
configure:17565: g++ -E  conftest.cpp
configure:17565: $? = 0
configure:17565: result: yes
configure:17565: checking for stddef.h
configure:17565: result: yes
configure:17565: checking for stdlib.h
configure:17565: result: yes
configure:17565: checking for string.h
configure:17565: result: yes
configure:17565: checking sys/time.h usability
configure:17565: g++ -c    conftest.cpp >&5
configure:17565: $? = 0
configure:17565: result: yes
configure:17565: checking sys/time.h presence
configure:17565: g++ -E  conftest.cpp
configure:17565: $? = 0
configure:17565: result: yes
configure:17565: checking for sys/time.h
configure:17565: result: yes
configure:17565: checking for stdint.h
configure:17565: result: yes
configure:17565: checking pthread.h usability
configure:17565: g++ -c    conftest.cpp >&5
configure:17565: $? = 0
configure:17565: result: yes
configure:17565: checking pthread.h presence
configure:17565: g++ -E  conftest.cpp
configure:17565: $? = 0
configure:17565: result: yes
configure:17565: checking for pthread.h
configure:17565: result: yes
configure:17578: checking whether byte ordering is bigendian
configure:17593: g++ -c    conftest.cpp >&5
conftest.cpp:41:9: error: expected unqualified-id before 'not' token
         not a universal capable compiler
         ^~~
configure:17593: $? = 1
configure: failed program was:
| /* confdefs.h */
| #define PACKAGE_NAME "Givaro"
| #define PACKAGE_TARNAME "givaro"
| #define PACKAGE_VERSION "4.0.4"
| #define PACKAGE_STRING "Givaro 4.0.4"
| #define PACKAGE_BUGREPORT "http://github.com/linbox-team/givaro"
| #define PACKAGE_URL "http://givaro.forge.imag.fr/"
| #define PACKAGE "givaro"
| #define VERSION "4.0.4"
| #define HAVE_CXX11 1
| #define STDC_HEADERS 1
| #define HAVE_SYS_TYPES_H 1
| #define HAVE_SYS_STAT_H 1
| #define HAVE_STDLIB_H 1
| #define HAVE_STRING_H 1
| #define HAVE_MEMORY_H 1
| #define HAVE_STRINGS_H 1
| #define HAVE_INTTYPES_H 1
| #define HAVE_STDINT_H 1
| #define HAVE_UNISTD_H 1
| #define HAVE_DLFCN_H 1
| #define LT_OBJDIR ".libs/"
| #define SIZEOF_CHAR 1
| #define SIZEOF_SHORT 2
| #define SIZEOF_INT 4
| #define SIZEOF_LONG 8
| #define SIZEOF_LONG_LONG 8
| #define SIZEOF___INT64_T 8
| #define HAVE_INT128 1
| #define STDC_HEADERS 1
| #define HAVE_FLOAT_H 1
| #define HAVE_LIMITS_H 1
| #define HAVE_STDDEF_H 1
| #define HAVE_STDLIB_H 1
| #define HAVE_STRING_H 1
| #define HAVE_SYS_TIME_H 1
| #define HAVE_STDINT_H 1
| #define HAVE_PTHREAD_H 1
| /* end confdefs.h.  */
| #ifndef __APPLE_CC__
| 	       not a universal capable compiler
| 	     #endif
| 	     typedef int dummy;
| 
configure:17638: g++ -c    conftest.cpp >&5
configure:17638: $? = 0
configure:17656: g++ -c    conftest.cpp >&5
conftest.cpp: In function 'int main()':
conftest.cpp:47:8: error: 'big' was not declared in this scope
    not big endian
        ^~~
configure:17656: $? = 1
configure: failed program was:
| /* confdefs.h */
| #define PACKAGE_NAME "Givaro"
| #define PACKAGE_TARNAME "givaro"
| #define PACKAGE_VERSION "4.0.4"
| #define PACKAGE_STRING "Givaro 4.0.4"
| #define PACKAGE_BUGREPORT "http://github.com/linbox-team/givaro"
| #define PACKAGE_URL "http://givaro.forge.imag.fr/"
| #define PACKAGE "givaro"
| #define VERSION "4.0.4"
| #define HAVE_CXX11 1
| #define STDC_HEADERS 1
| #define HAVE_SYS_TYPES_H 1
| #define HAVE_SYS_STAT_H 1
| #define HAVE_STDLIB_H 1
| #define HAVE_STRING_H 1
| #define HAVE_MEMORY_H 1
| #define HAVE_STRINGS_H 1
| #define HAVE_INTTYPES_H 1
| #define HAVE_STDINT_H 1
| #define HAVE_UNISTD_H 1
| #define HAVE_DLFCN_H 1
| #define LT_OBJDIR ".libs/"
| #define SIZEOF_CHAR 1
| #define SIZEOF_SHORT 2
| #define SIZEOF_INT 4
| #define SIZEOF_LONG 8
| #define SIZEOF_LONG_LONG 8
| #define SIZEOF___INT64_T 8
| #define HAVE_INT128 1
| #define STDC_HEADERS 1
| #define HAVE_FLOAT_H 1
| #define HAVE_LIMITS_H 1
| #define HAVE_STDDEF_H 1
| #define HAVE_STDLIB_H 1
| #define HAVE_STRING_H 1
| #define HAVE_SYS_TIME_H 1
| #define HAVE_STDINT_H 1
| #define HAVE_PTHREAD_H 1
| /* end confdefs.h.  */
| #include <sys/types.h>
| 		#include <sys/param.h>
| 
| int
| main ()
| {
| #if BYTE_ORDER != BIG_ENDIAN
| 		 not big endian
| 		#endif
| 
|   ;
|   return 0;
| }
configure:17784: result: no
configure:17806: Creating symbolic link for compilation
configure:17910: checking gmp.h usability
configure:17910: g++ -c      conftest.cpp >&5
configure:17910: $? = 0
configure:17910: result: yes
configure:17910: checking gmp.h presence
configure:17910: g++ -E   conftest.cpp
configure:17910: $? = 0
configure:17910: result: yes
configure:17910: checking for gmp.h
configure:17910: result: yes
configure:17913: checking for GMP library
configure:17929: g++ -o conftest       conftest.cpp   -lgmp >&5
configure:17929: $? = 0
configure:17948: result: yes
configure:17967: checking gmpxx.h usability
configure:17967: g++ -c      conftest.cpp >&5
configure:17967: $? = 0
configure:17967: result: yes
configure:17967: checking gmpxx.h presence
configure:17967: g++ -E   conftest.cpp
configure:17967: $? = 0
configure:17967: result: yes
configure:17967: checking for gmpxx.h
configure:17967: result: yes
configure:17970: checking for GMP cxx support
configure:17985: g++ -o conftest       conftest.cpp   -lgmp >&5
configure:17985: $? = 0
configure:17986: result: yes
configure:18009: checking whether gmp version is at least 40000
configure:18027: g++ -o conftest       conftest.cpp   -lgmp >&5
configure:18027: $? = 0
configure:18027: ./conftest
configure:18027: $? = 0
configure:18028: result: yes
configure:18063: checking whether to build documentation
configure:18155: result: no
configure:18169: checking whether dot works
configure:18173: result: yes
configure:18315: checking that generated files are newer than configure
configure:18321: result: done
configure:18385: creating ./config.status

## ---------------------- ##
## Running config.status. ##
## ---------------------- ##

This file was extended by Givaro config.status 4.0.4, which was
generated by GNU Autoconf 2.69.  Invocation command line was

  CONFIG_FILES    = 
  CONFIG_HEADERS  = 
  CONFIG_LINKS    = 
  CONFIG_COMMANDS = 
  $ ./config.status 

on DESKTOP-NMA8G2V

config.status:1232: creating Makefile
config.status:1232: creating givaro-makefile
config.status:1232: creating src/Makefile
config.status:1232: creating src/kernel/Makefile
config.status:1232: creating src/kernel/system/Makefile
config.status:1232: creating src/kernel/memory/Makefile
config.status:1232: creating src/kernel/gmp++/Makefile
config.status:1232: creating src/kernel/integer/Makefile
config.status:1232: creating src/kernel/bstruct/Makefile
config.status:1232: creating src/kernel/rational/Makefile
config.status:1232: creating src/kernel/recint/Makefile
config.status:1232: creating src/kernel/field/Makefile
config.status:1232: creating src/kernel/ring/Makefile
config.status:1232: creating src/library/Makefile
config.status:1232: creating src/library/vector/Makefile
config.status:1232: creating src/library/tools/Makefile
config.status:1232: creating src/library/poly1/Makefile
config.status:1232: creating src/library/matrix/Makefile
config.status:1232: creating macros/Makefile
config.status:1232: creating macros/CodeChunk/Makefile
config.status:1232: creating benchmarks/Makefile
config.status:1232: creating examples/Makefile
config.status:1232: creating examples/FiniteField/Makefile
config.status:1232: creating examples/Integer/Makefile
config.status:1232: creating examples/Rational/Makefile
config.status:1232: creating examples/RecInt/Makefile
config.status:1232: creating examples/Polynomial/Makefile
config.status:1232: creating tests/Makefile
config.status:1232: creating docs/Makefile
config.status:1232: creating givaro.pc
config.status:1232: creating givaro-config
config.status:1232: creating config.h
config.status:1461: executing givaro-config.h commands
config.status:1499: creating givaro-config.h - prefix __GIVARO for config.h defines
config.status:1521: givaro-config.h is unchanged
config.status:1461: executing depfiles commands
config.status:1461: executing libtool commands

## ---------------- ##
## Cache variables. ##
## ---------------- ##

ac_cv_build=x86_64-pc-linux-gnu
ac_cv_c_bigendian=no
ac_cv_c_compiler_gnu=yes
ac_cv_cxx_compiler_gnu=yes
ac_cv_env_CCC_set=
ac_cv_env_CCC_value=
ac_cv_env_CC_set=
ac_cv_env_CC_value=
ac_cv_env_CFLAGS_set=
ac_cv_env_CFLAGS_value=
ac_cv_env_CPPFLAGS_set=
ac_cv_env_CPPFLAGS_value=
ac_cv_env_CXXCPP_set=
ac_cv_env_CXXCPP_value=
ac_cv_env_CXXFLAGS_set=
ac_cv_env_CXXFLAGS_value=
ac_cv_env_CXX_set=
ac_cv_env_CXX_value=
ac_cv_env_LDFLAGS_set=
ac_cv_env_LDFLAGS_value=
ac_cv_env_LIBS_set=
ac_cv_env_LIBS_value=
ac_cv_env_LT_SYS_LIBRARY_PATH_set=
ac_cv_env_LT_SYS_LIBRARY_PATH_value=
ac_cv_env_build_alias_set=
ac_cv_env_build_alias_value=
ac_cv_env_host_alias_set=
ac_cv_env_host_alias_value=
ac_cv_env_target_alias_set=
ac_cv_env_target_alias_value=
ac_cv_header_dlfcn_h=yes
ac_cv_header_float_h=yes
ac_cv_header_gmp_h=yes
ac_cv_header_gmpxx_h=yes
ac_cv_header_inttypes_h=yes
ac_cv_header_limits_h=yes
ac_cv_header_memory_h=yes
ac_cv_header_pthread_h=yes
ac_cv_header_stdc=yes
ac_cv_header_stddef_h=yes
ac_cv_header_stdint_h=yes
ac_cv_header_stdlib_h=yes
ac_cv_header_string_h=yes
ac_cv_header_strings_h=yes
ac_cv_header_sys_stat_h=yes
ac_cv_header_sys_time_h=yes
ac_cv_header_sys_types_h=yes
ac_cv_header_unistd_h=yes
ac_cv_host=x86_64-pc-linux-gnu
ac_cv_objext=o
ac_cv_path_EGREP='/bin/grep -E'
ac_cv_path_FGREP='/bin/grep -F'
ac_cv_path_GREP=/bin/grep
ac_cv_path_SED=/bin/sed
ac_cv_path_install='/usr/bin/install -c'
ac_cv_path_lt_DD=/bin/dd
ac_cv_path_mkdir=/bin/mkdir
ac_cv_prog_AWK=gawk
ac_cv_prog_CXXCPP='g++ -E'
ac_cv_prog_ac_ct_AR=ar
ac_cv_prog_ac_ct_CC=gcc
ac_cv_prog_ac_ct_CXX=g++
ac_cv_prog_ac_ct_MANIFEST_TOOL=mt
ac_cv_prog_ac_ct_OBJDUMP=objdump
ac_cv_prog_ac_ct_RANLIB=ranlib
ac_cv_prog_ac_ct_STRIP=strip
ac_cv_prog_cc_c89=
ac_cv_prog_cc_g=yes
ac_cv_prog_cxx_g=yes
ac_cv_prog_make_make_set=yes
ac_cv_sizeof___int64_t=8
ac_cv_sizeof_char=1
ac_cv_sizeof_int=4
ac_cv_sizeof_long=8
ac_cv_sizeof_long_long=8
ac_cv_sizeof_short=2
ac_cv_target=x86_64-pc-linux-gnu
ac_cv_type___int128_t=yes
am_cv_CC_dependencies_compiler_type=gcc3
am_cv_CXX_dependencies_compiler_type=gcc3
am_cv_ar_interface=ar
am_cv_make_support_nested_variables=yes
am_cv_prog_cc_c_o=yes
ax_cv_cxx_compile_cxx11=yes
lt_cv_ar_at_file=@
lt_cv_archive_cmds_need_lc=no
lt_cv_deplibs_check_method=pass_all
lt_cv_file_magic_cmd='$MAGIC_CMD'
lt_cv_file_magic_test_file=
lt_cv_ld_reload_flag=-r
lt_cv_nm_interface='BSD nm'
lt_cv_objdir=.libs
lt_cv_path_LD=/usr/bin/ld
lt_cv_path_LDCXX='/usr/bin/ld -m elf_x86_64'
lt_cv_path_NM='/usr/bin/nm -B'
lt_cv_path_mainfest_tool=no
lt_cv_prog_compiler_c_o=yes
lt_cv_prog_compiler_c_o_CXX=yes
lt_cv_prog_compiler_pic='-fPIC -DPIC'
lt_cv_prog_compiler_pic_CXX='-fPIC -DPIC'
lt_cv_prog_compiler_pic_works=yes
lt_cv_prog_compiler_pic_works_CXX=yes
lt_cv_prog_compiler_rtti_exceptions=no
lt_cv_prog_compiler_static_works=yes
lt_cv_prog_compiler_static_works_CXX=yes
lt_cv_prog_gnu_ld=yes
lt_cv_prog_gnu_ldcxx=yes
lt_cv_sharedlib_from_linklib_cmd='printf %s\n'
lt_cv_shlibpath_overrides_runpath=yes
lt_cv_sys_global_symbol_pipe='sed -n -e '\''s/^.*[	 ]\([ABCDGIRSTW][ABCDGIRSTW]*\)[	 ][	 ]*\([_A-Za-z][_A-Za-z0-9]*\)$/\1 \2 \2/p'\'' | sed '\''/ __gnu_lto/d'\'''
lt_cv_sys_global_symbol_to_c_name_address='sed -n -e '\''s/^: \(.*\) .*$/  {"\1", (void *) 0},/p'\'' -e '\''s/^[ABCDGIRSTW][ABCDGIRSTW]* .* \(.*\)$/  {"\1", (void *) \&\1},/p'\'''
lt_cv_sys_global_symbol_to_c_name_address_lib_prefix='sed -n -e '\''s/^: \(.*\) .*$/  {"\1", (void *) 0},/p'\'' -e '\''s/^[ABCDGIRSTW][ABCDGIRSTW]* .* \(lib.*\)$/  {"\1", (void *) \&\1},/p'\'' -e '\''s/^[ABCDGIRSTW][ABCDGIRSTW]* .* \(.*\)$/  {"lib\1", (void *) \&\1},/p'\'''
lt_cv_sys_global_symbol_to_cdecl='sed -n -e '\''s/^T .* \(.*\)$/extern int \1();/p'\'' -e '\''s/^[ABCDGIRSTW][ABCDGIRSTW]* .* \(.*\)$/extern char \1;/p'\'''
lt_cv_sys_global_symbol_to_import=
lt_cv_sys_max_cmd_len=1572864
lt_cv_to_host_file_cmd=func_convert_file_noop
lt_cv_to_tool_file_cmd=func_convert_file_noop
lt_cv_truncate_bin='/bin/dd bs=4096 count=1'

## ----------------- ##
## Output variables. ##
## ----------------- ##

ACLOCAL='${SHELL} /home/kashbari/git_repo/LinBoxPython/givaro-4.0.4/build-aux/missing aclocal-1.15 -I macros'
AMDEPBACKSLASH='\'
AMDEP_FALSE='#'
AMDEP_TRUE=''
AMTAR='$${TAR-tar}'
AM_BACKSLASH='\'
AM_DEFAULT_V='$(AM_DEFAULT_VERBOSITY)'
AM_DEFAULT_VERBOSITY='1'
AM_V='$(V)'
AR='ar'
AUTOCONF='${SHELL} /home/kashbari/git_repo/LinBoxPython/givaro-4.0.4/build-aux/missing autoconf'
AUTOHEADER='${SHELL} /home/kashbari/git_repo/LinBoxPython/givaro-4.0.4/build-aux/missing autoheader'
AUTOMAKE='${SHELL} /home/kashbari/git_repo/LinBoxPython/givaro-4.0.4/build-aux/missing automake-1.15'
AWK='gawk'
CC='gcc'
CCDEPMODE='depmode=gcc3'
CCNAM='gcc48'
CFLAGS='-g -O2'
CPPFLAGS=''
CXX='g++'
CXXCPP='g++ -E'
CXXDEPMODE='depmode=gcc3'
CXXFLAGS='    -fabi-version=6  -msse -msse2 -msse3 -mssse3 -msse4.1 -msse4.2 -mavx -mavx2 -mfma'
CYGPATH_W='echo'
DBG='no'
DEBUG_CFLAGS='-g -DNDEBUG -UGIVARO_DEBUG -UDEBUG'
DEBUG_FALSE=''
DEBUG_TRUE='#'
DEFAULT_CFLAGS='-O2   -Wall -g -DNDEBUG -UGIVARO_DEBUG -UDEBUG'
DEFS='-DHAVE_CONFIG_H'
DEPDIR='.deps'
DLLTOOL='false'
DSYMUTIL=''
DUMPBIN=''
ECHO_C=''
ECHO_N='-n'
ECHO_T=''
EGREP='/bin/grep -E'
EXEEXT=''
FGREP='/bin/grep -F'
GIVARO_BUILD_DOC_FALSE=''
GIVARO_BUILD_DOC_TRUE='#'
GIVARO_DOC_PATH='NONE/docs'
GIVARO_DOXYGEN_FOUND_FALSE=''
GIVARO_DOXYGEN_FOUND_TRUE='#'
GIVARO_INLINE_ALL=''
GIVARO_INLINE_ALL_FALSE=''
GIVARO_INLINE_ALL_TRUE='#'
GMP_CFLAGS=''
GMP_LIBS=' -lgmp -lgmpxx'
GREP='/bin/grep'
HAVE_CXX11='1'
INSIDE_GNOME_COMMON_FALSE=''
INSIDE_GNOME_COMMON_TRUE='#'
INSTALL_DATA='${INSTALL} -m 644'
INSTALL_PROGRAM='${INSTALL}'
INSTALL_SCRIPT='${INSTALL}'
INSTALL_STRIP_PROGRAM='$(install_sh) -c -s'
LD='/usr/bin/ld -m elf_x86_64'
LDFLAGS=''
LIBOBJS=''
LIBS=' -lgmp -lgmpxx'
LIBTOOL='$(SHELL) $(top_builddir)/libtool'
LIPO=''
LN_S='ln -s'
LTLIBOBJS=''
LT_SYS_LIBRARY_PATH=''
MAKEINFO='${SHELL} /home/kashbari/git_repo/LinBoxPython/givaro-4.0.4/build-aux/missing makeinfo'
MANIFEST_TOOL=':'
MKDIR_P='/bin/mkdir -p'
NM='/usr/bin/nm -B'
NMEDIT=''
OBJDUMP='objdump'
OBJEXT='o'
OTOOL64=''
OTOOL=''
PACKAGE='givaro'
PACKAGE_BUGREPORT='http://github.com/linbox-team/givaro'
PACKAGE_NAME='Givaro'
PACKAGE_STRING='Givaro 4.0.4'
PACKAGE_TARNAME='givaro'
PACKAGE_URL='http://givaro.forge.imag.fr/'
PACKAGE_VERSION='4.0.4'
PATH_SEPARATOR=':'
PROF='no'
PROFILE_FALSE=''
PROFILE_TRUE='#'
RANLIB='ranlib'
REQUIRED_FLAGS=' -fabi-version=6'
SED='/bin/sed'
SET_MAKE=''
SHELL='/bin/bash'
SIMD_FLAGS=''
STRIP='strip'
TESTS_CFLAGS='-O0 -Wall -g -DNDEBUG -UGIVARO_DEBUG -UDEBUG'
VERSION='4.0.4'
WARN='no'
ac_ct_AR='ar'
ac_ct_CC='gcc'
ac_ct_CXX='g++'
ac_ct_DUMPBIN=''
am__EXEEXT_FALSE=''
am__EXEEXT_TRUE='#'
am__fastdepCC_FALSE='#'
am__fastdepCC_TRUE=''
am__fastdepCXX_FALSE='#'
am__fastdepCXX_TRUE=''
am__include='include'
am__isrc=''
am__leading_dot='.'
am__nodep='_no'
am__quote=''
am__tar='$${TAR-tar} chof - "$$tardir"'
am__untar='$${TAR-tar} xf -'
bindir='${exec_prefix}/bin'
build='x86_64-pc-linux-gnu'
build_alias=''
build_cpu='x86_64'
build_os='linux-gnu'
build_vendor='pc'
datadir='${datarootdir}'
datarootdir='${prefix}/share'
docdir='${datarootdir}/doc/${PACKAGE_TARNAME}'
dvidir='${docdir}'
exec_prefix='${prefix}'
host='x86_64-pc-linux-gnu'
host_alias=''
host_cpu='x86_64'
host_os='linux-gnu'
host_vendor='pc'
htmldir='${docdir}'
includedir='${prefix}/include'
infodir='${datarootdir}/info'
install_sh='${SHELL} /home/kashbari/git_repo/LinBoxPython/givaro-4.0.4/build-aux/install-sh'
libdir='${exec_prefix}/lib'
libexecdir='${exec_prefix}/libexec'
localedir='${datarootdir}/locale'
localstatedir='${prefix}/var'
mandir='${datarootdir}/man'
mkdir_p='$(MKDIR_P)'
oldincludedir='/usr/include'
pdfdir='${docdir}'
prefix='/usr/local'
program_transform_name='s,x,x,'
psdir='${docdir}'
runstatedir='${localstatedir}/run'
sbindir='${exec_prefix}/sbin'
sharedstatedir='${prefix}/com'
sysconfdir='${prefix}/etc'
target='x86_64-pc-linux-gnu'
target_alias=''
target_cpu='x86_64'
target_os='linux-gnu'
target_vendor='pc'

## ----------- ##
## confdefs.h. ##
## ----------- ##

/* confdefs.h */
#define PACKAGE_NAME "Givaro"
#define PACKAGE_TARNAME "givaro"
#define PACKAGE_VERSION "4.0.4"
#define PACKAGE_STRING "Givaro 4.0.4"
#define PACKAGE_BUGREPORT "http://github.com/linbox-team/givaro"
#define PACKAGE_URL "http://givaro.forge.imag.fr/"
#define PACKAGE "givaro"
#define VERSION "4.0.4"
#define HAVE_CXX11 1
#define STDC_HEADERS 1
#define HAVE_SYS_TYPES_H 1
#define HAVE_SYS_STAT_H 1
#define HAVE_STDLIB_H 1
#define HAVE_STRING_H 1
#define HAVE_MEMORY_H 1
#define HAVE_STRINGS_H 1
#define HAVE_INTTYPES_H 1
#define HAVE_STDINT_H 1
#define HAVE_UNISTD_H 1
#define HAVE_DLFCN_H 1
#define LT_OBJDIR ".libs/"
#define SIZEOF_CHAR 1
#define SIZEOF_SHORT 2
#define SIZEOF_INT 4
#define SIZEOF_LONG 8
#define SIZEOF_LONG_LONG 8
#define SIZEOF___INT64_T 8
#define HAVE_INT128 1
#define STDC_HEADERS 1
#define HAVE_FLOAT_H 1
#define HAVE_LIMITS_H 1
#define HAVE_STDDEF_H 1
#define HAVE_STDLIB_H 1
#define HAVE_STRING_H 1
#define HAVE_SYS_TIME_H 1
#define HAVE_STDINT_H 1
#define HAVE_PTHREAD_H 1
#define HAVE_LITTLE_ENDIAN 1
#define INT8 
#define INT16 
#define INT32 
#define INT64 
#define HAVE_GMP 1 

configure: exit 0
