This file contains any messages produced by compilers while
running configure, to aid debugging if configure makes a mistake.

It was created by FFLAS-FFPACK configure 2.3.2, which was
generated by GNU Autoconf 2.69.  Invocation command line was

  $ ./configure --with-blas-libs=/usr/lib/x86_64-linux-gnu/blas/libblas.so

## --------- ##
## Platform. ##
## --------- ##

hostname = DESKTOP-NMA8G2V
uname -m = x86_64
uname -r = 4.4.0-17134-Microsoft
uname -s = Linux
uname -v = #706-Microsoft Mon Apr 01 18:13:00 PST 2019

/usr/bin/uname -p = unknown
/bin/uname -X     = unknown

/bin/arch              = unknown
/usr/bin/arch -k       = unknown
/usr/convex/getsysinfo = unknown
/usr/bin/hostinfo      = unknown
/bin/machine           = unknown
/usr/bin/oslevel       = unknown
/bin/universe          = unknown

PATH: /usr/local/sbin
PATH: /usr/local/bin
PATH: /usr/sbin
PATH: /usr/bin
PATH: /sbin
PATH: /bin
PATH: /snap/bin


## ----------- ##
## Core tests. ##
## ----------- ##

configure:2673: checking build system type
configure:2687: result: x86_64-pc-linux-gnu
configure:2707: checking host system type
configure:2720: result: x86_64-pc-linux-gnu
configure:2740: checking target system type
configure:2753: result: x86_64-pc-linux-gnu
configure:2796: checking for a BSD-compatible install
configure:2864: result: /usr/bin/install -c
configure:2875: checking whether build environment is sane
configure:2930: result: yes
configure:3081: checking for a thread-safe mkdir -p
configure:3120: result: /bin/mkdir -p
configure:3127: checking for gawk
configure:3143: found /usr/bin/gawk
configure:3154: result: gawk
configure:3165: checking whether make sets $(MAKE)
configure:3187: result: yes
configure:3216: checking whether make supports nested variables
configure:3233: result: yes
configure:3372: checking whether to enable debugging options in the library
configure:3381: result: no
configure:3398: checking whether to enable profiling everything in the library
configure:3407: result: no
configure:3420: checking whether to enable warnings when compiling the library
configure:3429: result: no
configure:3506: checking for g++
configure:3522: found /usr/bin/g++
configure:3533: result: g++
configure:3560: checking for C++ compiler version
configure:3569: g++ --version >&5
g++ (Ubuntu 7.3.0-27ubuntu1~18.04) 7.3.0
Copyright (C) 2017 Free Software Foundation, Inc.
This is free software; see the source for copying conditions.  There is NO
warranty; not even for MERCHANTABILITY or FITNESS FOR A PARTICULAR PURPOSE.

configure:3580: $? = 0
configure:3569: g++ -v >&5
Using built-in specs.
COLLECT_GCC=g++
COLLECT_LTO_WRAPPER=/usr/lib/gcc/x86_64-linux-gnu/7/lto-wrapper
OFFLOAD_TARGET_NAMES=nvptx-none
OFFLOAD_TARGET_DEFAULT=1
Target: x86_64-linux-gnu
Configured with: ../src/configure -v --with-pkgversion='Ubuntu 7.3.0-27ubuntu1~18.04' --with-bugurl=file:///usr/share/doc/gcc-7/README.Bugs --enable-languages=c,ada,c++,go,brig,d,fortran,objc,obj-c++ --prefix=/usr --with-gcc-major-version-only --program-suffix=-7 --program-prefix=x86_64-linux-gnu- --enable-shared --enable-linker-build-id --libexecdir=/usr/lib --without-included-gettext --enable-threads=posix --libdir=/usr/lib --enable-nls --with-sysroot=/ --enable-clocale=gnu --enable-libstdcxx-debug --enable-libstdcxx-time=yes --with-default-libstdcxx-abi=new --enable-gnu-unique-object --disable-vtable-verify --enable-libmpx --enable-plugin --enable-default-pie --with-system-zlib --with-target-system-zlib --enable-objc-gc=auto --enable-multiarch --disable-werror --with-arch-32=i686 --with-abi=m64 --with-multilib-list=m32,m64,mx32 --enable-multilib --with-tune=generic --enable-offload-targets=nvptx-none --without-cuda-driver --enable-checking=release --build=x86_64-linux-gnu --host=x86_64-linux-gnu --target=x86_64-linux-gnu
Thread model: posix
gcc version 7.3.0 (Ubuntu 7.3.0-27ubuntu1~18.04) 
configure:3580: $? = 0
configure:3569: g++ -V >&5
g++: error: unrecognized command line option '-V'
g++: fatal error: no input files
compilation terminated.
configure:3580: $? = 1
configure:3569: g++ -qversion >&5
g++: error: unrecognized command line option '-qversion'; did you mean '--version'?
g++: fatal error: no input files
compilation terminated.
configure:3580: $? = 1
configure:3600: checking whether the C++ compiler works
configure:3622: g++    conftest.cpp  >&5
configure:3626: $? = 0
configure:3674: result: yes
configure:3677: checking for C++ compiler default output file name
configure:3679: result: a.out
configure:3685: checking for suffix of executables
configure:3692: g++ -o conftest    conftest.cpp  >&5
configure:3696: $? = 0
configure:3718: result: 
configure:3740: checking whether we are cross compiling
configure:3748: g++ -o conftest    conftest.cpp  >&5
configure:3752: $? = 0
configure:3759: ./conftest
configure:3763: $? = 0
configure:3778: result: no
configure:3783: checking for suffix of object files
configure:3805: g++ -c   conftest.cpp >&5
configure:3809: $? = 0
configure:3830: result: o
configure:3834: checking whether we are using the GNU C++ compiler
configure:3853: g++ -c   conftest.cpp >&5
configure:3853: $? = 0
configure:3862: result: yes
configure:3871: checking whether g++ accepts -g
configure:3891: g++ -c -g  conftest.cpp >&5
configure:3891: $? = 0
configure:3932: result: yes
configure:3966: checking for style of include used by make
configure:3994: result: GNU
configure:4020: checking dependency style of g++
configure:4131: result: gcc3
configure:4149: checking for family name of compiler
configure:4167: g++ -o conftest    conftest.cpp  >&5
conftest.cpp:15:4: error: expected unqualified-id before 'not' token
    not intel
    ^~~
configure:4167: $? = 1
configure: program exited with status 1
configure: failed program was:
| /* confdefs.h */
| #define PACKAGE_NAME "FFLAS-FFPACK"
| #define PACKAGE_TARNAME "fflas-ffpack"
| #define PACKAGE_VERSION "2.3.2"
| #define PACKAGE_STRING "FFLAS-FFPACK 2.3.2"
| #define PACKAGE_BUGREPORT "ffpack-devel@googlegroups.com"
| #define PACKAGE_URL "https://github.com/linbox-team/fflas-ffpack"
| #define PACKAGE "fflas-ffpack"
| #define VERSION "2.3.2"
| /* end confdefs.h.  */
| 
|            #ifdef __INTEL_COMPILER
|    int main() { return 0 ; }
|    #else
|    not intel
| 		   #endif
configure:4196: g++ -o conftest    conftest.cpp  >&5
conftest.cpp:15:8: error: expected unqualified-id before 'not' token
        not ekopath neither.
        ^~~
configure:4196: $? = 1
configure: program exited with status 1
configure: failed program was:
| /* confdefs.h */
| #define PACKAGE_NAME "FFLAS-FFPACK"
| #define PACKAGE_TARNAME "fflas-ffpack"
| #define PACKAGE_VERSION "2.3.2"
| #define PACKAGE_STRING "FFLAS-FFPACK 2.3.2"
| #define PACKAGE_BUGREPORT "ffpack-devel@googlegroups.com"
| #define PACKAGE_URL "https://github.com/linbox-team/fflas-ffpack"
| #define PACKAGE "fflas-ffpack"
| #define VERSION "2.3.2"
| /* end confdefs.h.  */
| 
| 				#ifdef __PATHSCALE__
| 				   int main() { return !(__PATHCC__ >= 4) ; }
|    #else
| 				   not ekopath neither.
| 				#endif
configure:4227: g++ -o conftest    conftest.cpp  >&5
conftest.cpp:15:8: error: expected unqualified-id before 'not' token
        not clang3.9
        ^~~
configure:4227: $? = 1
configure: program exited with status 1
configure: failed program was:
| /* confdefs.h */
| #define PACKAGE_NAME "FFLAS-FFPACK"
| #define PACKAGE_TARNAME "fflas-ffpack"
| #define PACKAGE_VERSION "2.3.2"
| #define PACKAGE_STRING "FFLAS-FFPACK 2.3.2"
| #define PACKAGE_BUGREPORT "ffpack-devel@googlegroups.com"
| #define PACKAGE_URL "https://github.com/linbox-team/fflas-ffpack"
| #define PACKAGE "fflas-ffpack"
| #define VERSION "2.3.2"
| /* end confdefs.h.  */
| 
| 				#ifdef __clang__
| 				   int main() { return !((__clang_major__ >= 4) ||(__clang_major__  ==3 && __clang_minor__ >= 9) ) ; }
| 			   #else
| 				   not clang3.9
| 				#endif
configure:4257: g++ -o conftest    conftest.cpp  >&5
conftest.cpp:15:8: error: expected unqualified-id before 'not' token
        not clang3.8
        ^~~
configure:4257: $? = 1
configure: program exited with status 1
configure: failed program was:
| /* confdefs.h */
| #define PACKAGE_NAME "FFLAS-FFPACK"
| #define PACKAGE_TARNAME "fflas-ffpack"
| #define PACKAGE_VERSION "2.3.2"
| #define PACKAGE_STRING "FFLAS-FFPACK 2.3.2"
| #define PACKAGE_BUGREPORT "ffpack-devel@googlegroups.com"
| #define PACKAGE_URL "https://github.com/linbox-team/fflas-ffpack"
| #define PACKAGE "fflas-ffpack"
| #define VERSION "2.3.2"
| /* end confdefs.h.  */
| 
| 				#ifdef __clang__
| 				   int main() { return !(__clang_major__  ==3 && __clang_minor__ >=1 && __clang_minor__ <=8) ; }
| 			   #else
| 				   not clang3.8
| 				#endif
configure:4289: g++ -o conftest    conftest.cpp  >&5
configure:4289: $? = 0
configure:4289: ./conftest
configure:4289: $? = 0
configure:4293: result: gcc
configure:4515: checking whether g++ supports C++11 features by default
configure:4541: g++ -c   conftest.cpp >&5
configure:4541: $? = 0
configure:4548: result: yes
configure:4719: checking how to run the C++ preprocessor
configure:4746: g++ -E  conftest.cpp
configure:4746: $? = 0
configure:4760: g++ -E  conftest.cpp
conftest.cpp:12:10: fatal error: ac_nonexistent.h: No such file or directory
 #include <ac_nonexistent.h>
          ^~~~~~~~~~~~~~~~~~
compilation terminated.
configure:4760: $? = 1
configure: failed program was:
| /* confdefs.h */
| #define PACKAGE_NAME "FFLAS-FFPACK"
| #define PACKAGE_TARNAME "fflas-ffpack"
| #define PACKAGE_VERSION "2.3.2"
| #define PACKAGE_STRING "FFLAS-FFPACK 2.3.2"
| #define PACKAGE_BUGREPORT "ffpack-devel@googlegroups.com"
| #define PACKAGE_URL "https://github.com/linbox-team/fflas-ffpack"
| #define PACKAGE "fflas-ffpack"
| #define VERSION "2.3.2"
| #define HAVE_CXX11 1
| /* end confdefs.h.  */
| #include <ac_nonexistent.h>
configure:4785: result: g++ -E
configure:4805: g++ -E  conftest.cpp
configure:4805: $? = 0
configure:4819: g++ -E  conftest.cpp
conftest.cpp:12:10: fatal error: ac_nonexistent.h: No such file or directory
 #include <ac_nonexistent.h>
          ^~~~~~~~~~~~~~~~~~
compilation terminated.
configure:4819: $? = 1
configure: failed program was:
| /* confdefs.h */
| #define PACKAGE_NAME "FFLAS-FFPACK"
| #define PACKAGE_TARNAME "fflas-ffpack"
| #define PACKAGE_VERSION "2.3.2"
| #define PACKAGE_STRING "FFLAS-FFPACK 2.3.2"
| #define PACKAGE_BUGREPORT "ffpack-devel@googlegroups.com"
| #define PACKAGE_URL "https://github.com/linbox-team/fflas-ffpack"
| #define PACKAGE "fflas-ffpack"
| #define VERSION "2.3.2"
| #define HAVE_CXX11 1
| /* end confdefs.h.  */
| #include <ac_nonexistent.h>
configure:4848: checking for grep that handles long lines and -e
configure:4906: result: /bin/grep
configure:4911: checking for egrep
configure:4973: result: /bin/grep -E
configure:4978: checking for ANSI C header files
configure:4998: g++ -c    conftest.cpp >&5
configure:4998: $? = 0
configure:5071: g++ -o conftest     conftest.cpp  >&5
configure:5071: $? = 0
configure:5071: ./conftest
configure:5071: $? = 0
configure:5082: result: yes
configure:5136: checking how to print strings
configure:5163: result: printf
configure:5232: checking for gcc
configure:5248: found /usr/bin/gcc
configure:5259: result: gcc
configure:5488: checking for C compiler version
configure:5497: gcc --version >&5
gcc (Ubuntu 7.3.0-27ubuntu1~18.04) 7.3.0
Copyright (C) 2017 Free Software Foundation, Inc.
This is free software; see the source for copying conditions.  There is NO
warranty; not even for MERCHANTABILITY or FITNESS FOR A PARTICULAR PURPOSE.

configure:5508: $? = 0
configure:5497: gcc -v >&5
Using built-in specs.
COLLECT_GCC=gcc
COLLECT_LTO_WRAPPER=/usr/lib/gcc/x86_64-linux-gnu/7/lto-wrapper
OFFLOAD_TARGET_NAMES=nvptx-none
OFFLOAD_TARGET_DEFAULT=1
Target: x86_64-linux-gnu
Configured with: ../src/configure -v --with-pkgversion='Ubuntu 7.3.0-27ubuntu1~18.04' --with-bugurl=file:///usr/share/doc/gcc-7/README.Bugs --enable-languages=c,ada,c++,go,brig,d,fortran,objc,obj-c++ --prefix=/usr --with-gcc-major-version-only --program-suffix=-7 --program-prefix=x86_64-linux-gnu- --enable-shared --enable-linker-build-id --libexecdir=/usr/lib --without-included-gettext --enable-threads=posix --libdir=/usr/lib --enable-nls --with-sysroot=/ --enable-clocale=gnu --enable-libstdcxx-debug --enable-libstdcxx-time=yes --with-default-libstdcxx-abi=new --enable-gnu-unique-object --disable-vtable-verify --enable-libmpx --enable-plugin --enable-default-pie --with-system-zlib --with-target-system-zlib --enable-objc-gc=auto --enable-multiarch --disable-werror --with-arch-32=i686 --with-abi=m64 --with-multilib-list=m32,m64,mx32 --enable-multilib --with-tune=generic --enable-offload-targets=nvptx-none --without-cuda-driver --enable-checking=release --build=x86_64-linux-gnu --host=x86_64-linux-gnu --target=x86_64-linux-gnu
Thread model: posix
gcc version 7.3.0 (Ubuntu 7.3.0-27ubuntu1~18.04) 
configure:5508: $? = 0
configure:5497: gcc -V >&5
gcc: error: unrecognized command line option '-V'
gcc: fatal error: no input files
compilation terminated.
configure:5508: $? = 1
configure:5497: gcc -qversion >&5
gcc: error: unrecognized command line option '-qversion'; did you mean '--version'?
gcc: fatal error: no input files
compilation terminated.
configure:5508: $? = 1
configure:5512: checking whether we are using the GNU C compiler
configure:5531: gcc -c   conftest.c >&5
configure:5531: $? = 0
configure:5540: result: yes
configure:5549: checking whether gcc accepts -g
configure:5569: gcc -c -g  conftest.c >&5
configure:5569: $? = 0
configure:5610: result: yes
configure:5627: checking for gcc option to accept ISO C89
configure:5690: gcc  -c -g -O2  conftest.c >&5
configure:5690: $? = 0
configure:5703: result: none needed
configure:5728: checking whether gcc understands -c and -o together
configure:5750: gcc -c conftest.c -o conftest2.o
configure:5753: $? = 0
configure:5750: gcc -c conftest.c -o conftest2.o
configure:5753: $? = 0
configure:5765: result: yes
configure:5784: checking dependency style of gcc
configure:5895: result: gcc3
configure:5910: checking for a sed that does not truncate output
configure:5974: result: /bin/sed
configure:5992: checking for fgrep
configure:6054: result: /bin/grep -F
configure:6089: checking for ld used by gcc
configure:6156: result: /usr/bin/ld
configure:6163: checking if the linker (/usr/bin/ld) is GNU ld
configure:6178: result: yes
configure:6190: checking for BSD- or MS-compatible name lister (nm)
configure:6244: result: /usr/bin/nm -B
configure:6374: checking the name lister (/usr/bin/nm -B) interface
configure:6381: g++ -c    conftest.cpp >&5
configure:6384: /usr/bin/nm -B "conftest.o"
configure:6387: output
0000000000000000 B some_variable
configure:6394: result: BSD nm
configure:6397: checking whether ln -s works
configure:6401: result: yes
configure:6409: checking the maximum length of command line arguments
configure:6540: result: 1572864
configure:6588: checking how to convert x86_64-pc-linux-gnu file names to x86_64-pc-linux-gnu format
configure:6628: result: func_convert_file_noop
configure:6635: checking how to convert x86_64-pc-linux-gnu file names to toolchain format
configure:6655: result: func_convert_file_noop
configure:6662: checking for /usr/bin/ld option to reload object files
configure:6669: result: -r
configure:6743: checking for objdump
configure:6759: found /usr/bin/objdump
configure:6770: result: objdump
configure:6802: checking how to recognize dependent libraries
configure:7002: result: pass_all
configure:7087: checking for dlltool
configure:7117: result: no
configure:7147: checking how to associate runtime and link libraries
configure:7174: result: printf %s\n
configure:7234: checking for ar
configure:7250: found /usr/bin/ar
configure:7261: result: ar
configure:7298: checking for archiver @FILE support
configure:7315: g++ -c    conftest.cpp >&5
configure:7315: $? = 0
configure:7318: ar cru libconftest.a @conftest.lst >&5
ar: `u' modifier ignored since `D' is the default (see `U')
configure:7321: $? = 0
configure:7326: ar cru libconftest.a @conftest.lst >&5
ar: `u' modifier ignored since `D' is the default (see `U')
ar: conftest.o: No such file or directory
configure:7329: $? = 1
configure:7341: result: @
configure:7399: checking for strip
configure:7415: found /usr/bin/strip
configure:7426: result: strip
configure:7498: checking for ranlib
configure:7514: found /usr/bin/ranlib
configure:7525: result: ranlib
configure:7627: checking command to parse /usr/bin/nm -B output from gcc object
configure:7780: g++ -c    conftest.cpp >&5
configure:7783: $? = 0
configure:7787: /usr/bin/nm -B conftest.o \| sed -n -e 's/^.*[ ]\([ABCDGIRSTW][ABCDGIRSTW]*\)[ ][ ]*\([_A-Za-z][_A-Za-z0-9]*\)$/\1 \2 \2/p' | sed '/ __gnu_lto/d' \> conftest.nm
configure:7790: $? = 0
configure:7856: g++ -o conftest     conftest.cpp conftstm.o >&5
configure:7859: $? = 0
configure:7897: result: ok
configure:7944: checking for sysroot
configure:7974: result: no
configure:7981: checking for a working dd
configure:8019: result: /bin/dd
configure:8023: checking how to truncate binary pipes
configure:8038: result: /bin/dd bs=4096 count=1
configure:8175: g++ -c    conftest.cpp >&5
configure:8178: $? = 0
configure:8368: checking for mt
configure:8384: found /bin/mt
configure:8395: result: mt
configure:8418: checking if mt is a manifest tool
configure:8424: mt '-?'
configure:8432: result: no
configure:9109: checking for sys/types.h
configure:9109: g++ -c    conftest.cpp >&5
configure:9109: $? = 0
configure:9109: result: yes
configure:9109: checking for sys/stat.h
configure:9109: g++ -c    conftest.cpp >&5
configure:9109: $? = 0
configure:9109: result: yes
configure:9109: checking for stdlib.h
configure:9109: g++ -c    conftest.cpp >&5
configure:9109: $? = 0
configure:9109: result: yes
configure:9109: checking for string.h
configure:9109: g++ -c    conftest.cpp >&5
configure:9109: $? = 0
configure:9109: result: yes
configure:9109: checking for memory.h
configure:9109: g++ -c    conftest.cpp >&5
configure:9109: $? = 0
configure:9109: result: yes
configure:9109: checking for strings.h
configure:9109: g++ -c    conftest.cpp >&5
configure:9109: $? = 0
configure:9109: result: yes
configure:9109: checking for inttypes.h
configure:9109: g++ -c    conftest.cpp >&5
configure:9109: $? = 0
configure:9109: result: yes
configure:9109: checking for stdint.h
configure:9109: g++ -c    conftest.cpp >&5
configure:9109: $? = 0
configure:9109: result: yes
configure:9109: checking for unistd.h
configure:9109: g++ -c    conftest.cpp >&5
configure:9109: $? = 0
configure:9109: result: yes
configure:9123: checking for dlfcn.h
configure:9123: g++ -c    conftest.cpp >&5
configure:9123: $? = 0
configure:9123: result: yes
configure:9389: checking for objdir
configure:9404: result: .libs
configure:9668: checking if gcc supports -fno-rtti -fno-exceptions
configure:9686: gcc -c -g -O2  -fno-rtti -fno-exceptions conftest.c >&5
cc1: warning: command line option '-fno-rtti' is valid for C++/ObjC++ but not for C
configure:9690: $? = 0
configure:9703: result: no
configure:10061: checking for gcc option to produce PIC
configure:10068: result: -fPIC -DPIC
configure:10076: checking if gcc PIC flag -fPIC -DPIC works
configure:10094: gcc -c -g -O2  -fPIC -DPIC -DPIC conftest.c >&5
configure:10098: $? = 0
configure:10111: result: yes
configure:10140: checking if gcc static flag -static works
configure:10168: result: yes
configure:10183: checking if gcc supports -c -o file.o
configure:10204: gcc -c -g -O2  -o out/conftest2.o conftest.c >&5
configure:10208: $? = 0
configure:10230: result: yes
configure:10238: checking if gcc supports -c -o file.o
configure:10285: result: yes
configure:10318: checking whether the gcc linker (/usr/bin/ld -m elf_x86_64) supports shared libraries
configure:11581: result: yes
configure:11618: checking whether -lc should be explicitly linked in
configure:11626: gcc -c -g -O2  conftest.c >&5
configure:11629: $? = 0
configure:11644: gcc -shared  -fPIC -DPIC conftest.o  -v -Wl,-soname -Wl,conftest -o conftest 2\>\&1 \| /bin/grep  -lc  \>/dev/null 2\>\&1
configure:11647: $? = 0
configure:11661: result: no
configure:11821: checking dynamic linker characteristics
configure:12402: gcc -o conftest -g -O2   -Wl,-rpath -Wl,/foo conftest.c  >&5
configure:12402: $? = 0
configure:12651: result: GNU/Linux ld.so
configure:12773: checking how to hardcode library paths into programs
configure:12798: result: immediate
configure:13346: checking whether stripping libraries is possible
configure:13351: result: yes
configure:13386: checking if libtool supports shared libraries
configure:13388: result: yes
configure:13391: checking whether to build shared libraries
configure:13416: result: yes
configure:13419: checking whether to build static libraries
configure:13423: result: yes
configure:13446: checking how to run the C++ preprocessor
configure:13512: result: g++ -E
configure:13532: g++ -E  conftest.cpp
configure:13532: $? = 0
configure:13546: g++ -E  conftest.cpp
conftest.cpp:24:10: fatal error: ac_nonexistent.h: No such file or directory
 #include <ac_nonexistent.h>
          ^~~~~~~~~~~~~~~~~~
compilation terminated.
configure:13546: $? = 1
configure: failed program was:
| /* confdefs.h */
| #define PACKAGE_NAME "FFLAS-FFPACK"
| #define PACKAGE_TARNAME "fflas-ffpack"
| #define PACKAGE_VERSION "2.3.2"
| #define PACKAGE_STRING "FFLAS-FFPACK 2.3.2"
| #define PACKAGE_BUGREPORT "ffpack-devel@googlegroups.com"
| #define PACKAGE_URL "https://github.com/linbox-team/fflas-ffpack"
| #define PACKAGE "fflas-ffpack"
| #define VERSION "2.3.2"
| #define HAVE_CXX11 1
| #define STDC_HEADERS 1
| #define HAVE_SYS_TYPES_H 1
| #define HAVE_SYS_STAT_H 1
| #define HAVE_STDLIB_H 1
| #define HAVE_STRING_H 1
| #define HAVE_MEMORY_H 1
| #define HAVE_STRINGS_H 1
| #define HAVE_INTTYPES_H 1
| #define HAVE_STDINT_H 1
| #define HAVE_UNISTD_H 1
| #define HAVE_DLFCN_H 1
| #define LT_OBJDIR ".libs/"
| /* end confdefs.h.  */
| #include <ac_nonexistent.h>
configure:13708: checking for ld used by g++
configure:13775: result: /usr/bin/ld -m elf_x86_64
configure:13782: checking if the linker (/usr/bin/ld -m elf_x86_64) is GNU ld
configure:13797: result: yes
configure:13852: checking whether the g++ linker (/usr/bin/ld -m elf_x86_64) supports shared libraries
configure:14925: result: yes
configure:14961: g++ -c    conftest.cpp >&5
configure:14964: $? = 0
configure:15445: checking for g++ option to produce PIC
configure:15452: result: -fPIC -DPIC
configure:15460: checking if g++ PIC flag -fPIC -DPIC works
configure:15478: g++ -c    -fPIC -DPIC -DPIC conftest.cpp >&5
configure:15482: $? = 0
configure:15495: result: yes
configure:15518: checking if g++ static flag -static works
configure:15546: result: yes
configure:15558: checking if g++ supports -c -o file.o
configure:15579: g++ -c    -o out/conftest2.o conftest.cpp >&5
configure:15583: $? = 0
configure:15605: result: yes
configure:15610: checking if g++ supports -c -o file.o
configure:15657: result: yes
configure:15687: checking whether the g++ linker (/usr/bin/ld -m elf_x86_64) supports shared libraries
configure:15730: result: yes
configure:15871: checking dynamic linker characteristics
configure:16628: result: GNU/Linux ld.so
configure:16693: checking how to hardcode library paths into programs
configure:16718: result: immediate
configure:16779: checking for egrep
configure:16841: result: /bin/grep -E
configure:16846: checking for a sed that does not truncate output
configure:16910: result: /bin/sed
configure:16935: checking for OpenMP
configure:16958: g++ -o conftest   -fopenmp   conftest.cpp  >&5
configure:16958: $? = 0
configure:16958: ./conftest
configure:16958: $? = 0
configure:16973: result: yes
configure:17077: g++ -o conftest   -I.  conftest.cpp  >&5
configure:17077: $? = 0
configure:17077: ./conftest
configure:17077: $? = 9
configure: program exited with status 9
configure: failed program was:
| /* confdefs.h */
| #define PACKAGE_NAME "FFLAS-FFPACK"
| #define PACKAGE_TARNAME "fflas-ffpack"
| #define PACKAGE_VERSION "2.3.2"
| #define PACKAGE_STRING "FFLAS-FFPACK 2.3.2"
| #define PACKAGE_BUGREPORT "ffpack-devel@googlegroups.com"
| #define PACKAGE_URL "https://github.com/linbox-team/fflas-ffpack"
| #define PACKAGE "fflas-ffpack"
| #define VERSION "2.3.2"
| #define HAVE_CXX11 1
| #define STDC_HEADERS 1
| #define HAVE_SYS_TYPES_H 1
| #define HAVE_SYS_STAT_H 1
| #define HAVE_STDLIB_H 1
| #define HAVE_STRING_H 1
| #define HAVE_MEMORY_H 1
| #define HAVE_STRINGS_H 1
| #define HAVE_INTTYPES_H 1
| #define HAVE_STDINT_H 1
| #define HAVE_UNISTD_H 1
| #define HAVE_DLFCN_H 1
| #define LT_OBJDIR ".libs/"
| #define USE_OPENMP 1
| /* end confdefs.h.  */
| 
|                         #include "macros/CodeChunk/instrset_detect.cpp"
|                         // increment by one to distinguish from compilation failure error code
|                         int main(){return instrset_detect()+1;}
| 
configure:17166: g++ -o conftest   -I.  conftest.cpp  >&5
configure:17166: $? = 0
configure:17166: ./conftest
configure:17166: $? = 0
configure:17197: g++ -o conftest   -I.  conftest.cpp  >&5
configure:17197: $? = 0
configure:17197: ./conftest
configure:17197: $? = 1
configure: program exited with status 1
configure: failed program was:
| /* confdefs.h */
| #define PACKAGE_NAME "FFLAS-FFPACK"
| #define PACKAGE_TARNAME "fflas-ffpack"
| #define PACKAGE_VERSION "2.3.2"
| #define PACKAGE_STRING "FFLAS-FFPACK 2.3.2"
| #define PACKAGE_BUGREPORT "ffpack-devel@googlegroups.com"
| #define PACKAGE_URL "https://github.com/linbox-team/fflas-ffpack"
| #define PACKAGE "fflas-ffpack"
| #define VERSION "2.3.2"
| #define HAVE_CXX11 1
| #define STDC_HEADERS 1
| #define HAVE_SYS_TYPES_H 1
| #define HAVE_SYS_STAT_H 1
| #define HAVE_STDLIB_H 1
| #define HAVE_STRING_H 1
| #define HAVE_MEMORY_H 1
| #define HAVE_STRINGS_H 1
| #define HAVE_INTTYPES_H 1
| #define HAVE_STDINT_H 1
| #define HAVE_UNISTD_H 1
| #define HAVE_DLFCN_H 1
| #define LT_OBJDIR ".libs/"
| #define USE_OPENMP 1
| /* end confdefs.h.  */
| 
|                         #include "macros/CodeChunk/instrset_detect.cpp"
|                         int main(){return !hasFMA4();}
| 
configure:17244: checking size of char
configure:17249: g++ -o conftest     conftest.cpp  >&5
configure:17249: $? = 0
configure:17249: ./conftest
configure:17249: $? = 0
configure:17263: result: 1
configure:17277: checking size of short
configure:17282: g++ -o conftest     conftest.cpp  >&5
configure:17282: $? = 0
configure:17282: ./conftest
configure:17282: $? = 0
configure:17296: result: 2
configure:17310: checking size of int
configure:17315: g++ -o conftest     conftest.cpp  >&5
configure:17315: $? = 0
configure:17315: ./conftest
configure:17315: $? = 0
configure:17329: result: 4
configure:17343: checking size of long
configure:17348: g++ -o conftest     conftest.cpp  >&5
configure:17348: $? = 0
configure:17348: ./conftest
configure:17348: $? = 0
configure:17362: result: 8
configure:17376: checking size of long long
configure:17381: g++ -o conftest     conftest.cpp  >&5
configure:17381: $? = 0
configure:17381: ./conftest
configure:17381: $? = 0
configure:17395: result: 8
configure:17409: checking size of __int64
configure:17414: g++ -o conftest     conftest.cpp  >&5
conftest.cpp: In function 'long int longval()':
conftest.cpp:63:57: error: '__int64' was not declared in this scope
 static long int longval () { return (long int) (sizeof (__int64)); }
                                                         ^~~~~~~
conftest.cpp:63:57: note: suggested alternative: '__int64_t'
 static long int longval () { return (long int) (sizeof (__int64)); }
                                                         ^~~~~~~
                                                         __int64_t
conftest.cpp: In function 'long unsigned int ulongval()':
conftest.cpp:64:67: error: '__int64' was not declared in this scope
 static unsigned long int ulongval () { return (long int) (sizeof (__int64)); }
                                                                   ^~~~~~~
conftest.cpp:64:67: note: suggested alternative: '__int64_t'
 static unsigned long int ulongval () { return (long int) (sizeof (__int64)); }
                                                                   ^~~~~~~
                                                                   __int64_t
conftest.cpp: In function 'int main()':
conftest.cpp:74:28: error: '__int64' was not declared in this scope
   if (((long int) (sizeof (__int64))) < 0)
                            ^~~~~~~
conftest.cpp:74:28: note: suggested alternative: '__int64_t'
   if (((long int) (sizeof (__int64))) < 0)
                            ^~~~~~~
                            __int64_t
configure:17414: $? = 1
configure: program exited with status 1
configure: failed program was:
| /* confdefs.h */
| #define PACKAGE_NAME "FFLAS-FFPACK"
| #define PACKAGE_TARNAME "fflas-ffpack"
| #define PACKAGE_VERSION "2.3.2"
| #define PACKAGE_STRING "FFLAS-FFPACK 2.3.2"
| #define PACKAGE_BUGREPORT "ffpack-devel@googlegroups.com"
| #define PACKAGE_URL "https://github.com/linbox-team/fflas-ffpack"
| #define PACKAGE "fflas-ffpack"
| #define VERSION "2.3.2"
| #define HAVE_CXX11 1
| #define STDC_HEADERS 1
| #define HAVE_SYS_TYPES_H 1
| #define HAVE_SYS_STAT_H 1
| #define HAVE_STDLIB_H 1
| #define HAVE_STRING_H 1
| #define HAVE_MEMORY_H 1
| #define HAVE_STRINGS_H 1
| #define HAVE_INTTYPES_H 1
| #define HAVE_STDINT_H 1
| #define HAVE_UNISTD_H 1
| #define HAVE_DLFCN_H 1
| #define LT_OBJDIR ".libs/"
| #define USE_OPENMP 1
| #define SIZEOF_CHAR 1
| #define SIZEOF_SHORT 2
| #define SIZEOF_INT 4
| #define SIZEOF_LONG 8
| #define SIZEOF_LONG_LONG 8
| /* end confdefs.h.  */
| #include <stdio.h>
| #ifdef HAVE_SYS_TYPES_H
| # include <sys/types.h>
| #endif
| #ifdef HAVE_SYS_STAT_H
| # include <sys/stat.h>
| #endif
| #ifdef STDC_HEADERS
| # include <stdlib.h>
| # include <stddef.h>
| #else
| # ifdef HAVE_STDLIB_H
| #  include <stdlib.h>
| # endif
| #endif
| #ifdef HAVE_STRING_H
| # if !defined STDC_HEADERS && defined HAVE_MEMORY_H
| #  include <memory.h>
| # endif
| # include <string.h>
| #endif
| #ifdef HAVE_STRINGS_H
| # include <strings.h>
| #endif
| #ifdef HAVE_INTTYPES_H
| # include <inttypes.h>
| #endif
| #ifdef HAVE_STDINT_H
| # include <stdint.h>
| #endif
| #ifdef HAVE_UNISTD_H
| # include <unistd.h>
| #endif
| static long int longval () { return (long int) (sizeof (__int64)); }
| static unsigned long int ulongval () { return (long int) (sizeof (__int64)); }
| #include <stdio.h>
| #include <stdlib.h>
| int
| main ()
| {
| 
|   FILE *f = fopen ("conftest.val", "w");
|   if (! f)
|     return 1;
|   if (((long int) (sizeof (__int64))) < 0)
|     {
|       long int i = longval ();
|       if (i != ((long int) (sizeof (__int64))))
| 	return 1;
|       fprintf (f, "%ld", i);
|     }
|   else
|     {
|       unsigned long int i = ulongval ();
|       if (i != ((long int) (sizeof (__int64))))
| 	return 1;
|       fprintf (f, "%lu", i);
|     }
|   /* Do not output a trailing newline, as this causes \r\n confusion
|      on some platforms.  */
|   return ferror (f) || fclose (f) != 0;
| 
|   ;
|   return 0;
| }
configure:17428: result: 0
configure:17440: checking for ANSI C header files
configure:17544: result: yes
configure:17555: checking float.h usability
configure:17555: g++ -c    conftest.cpp >&5
configure:17555: $? = 0
configure:17555: result: yes
configure:17555: checking float.h presence
configure:17555: g++ -E  conftest.cpp
configure:17555: $? = 0
configure:17555: result: yes
configure:17555: checking for float.h
configure:17555: result: yes
configure:17555: checking limits.h usability
configure:17555: g++ -c    conftest.cpp >&5
configure:17555: $? = 0
configure:17555: result: yes
configure:17555: checking limits.h presence
configure:17555: g++ -E  conftest.cpp
configure:17555: $? = 0
configure:17555: result: yes
configure:17555: checking for limits.h
configure:17555: result: yes
configure:17555: checking stddef.h usability
configure:17555: g++ -c    conftest.cpp >&5
configure:17555: $? = 0
configure:17555: result: yes
configure:17555: checking stddef.h presence
configure:17555: g++ -E  conftest.cpp
configure:17555: $? = 0
configure:17555: result: yes
configure:17555: checking for stddef.h
configure:17555: result: yes
configure:17555: checking for stdlib.h
configure:17555: result: yes
configure:17555: checking for string.h
configure:17555: result: yes
configure:17555: checking sys/time.h usability
configure:17555: g++ -c    conftest.cpp >&5
configure:17555: $? = 0
configure:17555: result: yes
configure:17555: checking sys/time.h presence
configure:17555: g++ -E  conftest.cpp
configure:17555: $? = 0
configure:17555: result: yes
configure:17555: checking for sys/time.h
configure:17555: result: yes
configure:17555: checking for stdint.h
configure:17555: result: yes
configure:17555: checking pthread.h usability
configure:17555: g++ -c    conftest.cpp >&5
configure:17555: $? = 0
configure:17555: result: yes
configure:17555: checking pthread.h presence
configure:17555: g++ -E  conftest.cpp
configure:17555: $? = 0
configure:17555: result: yes
configure:17555: checking for pthread.h
configure:17555: result: yes
configure:17568: checking whether byte ordering is bigendian
configure:17583: g++ -c    conftest.cpp >&5
conftest.cpp:41:9: error: expected unqualified-id before 'not' token
         not a universal capable compiler
         ^~~
configure:17583: $? = 1
configure: failed program was:
| /* confdefs.h */
| #define PACKAGE_NAME "FFLAS-FFPACK"
| #define PACKAGE_TARNAME "fflas-ffpack"
| #define PACKAGE_VERSION "2.3.2"
| #define PACKAGE_STRING "FFLAS-FFPACK 2.3.2"
| #define PACKAGE_BUGREPORT "ffpack-devel@googlegroups.com"
| #define PACKAGE_URL "https://github.com/linbox-team/fflas-ffpack"
| #define PACKAGE "fflas-ffpack"
| #define VERSION "2.3.2"
| #define HAVE_CXX11 1
| #define STDC_HEADERS 1
| #define HAVE_SYS_TYPES_H 1
| #define HAVE_SYS_STAT_H 1
| #define HAVE_STDLIB_H 1
| #define HAVE_STRING_H 1
| #define HAVE_MEMORY_H 1
| #define HAVE_STRINGS_H 1
| #define HAVE_INTTYPES_H 1
| #define HAVE_STDINT_H 1
| #define HAVE_UNISTD_H 1
| #define HAVE_DLFCN_H 1
| #define LT_OBJDIR ".libs/"
| #define USE_OPENMP 1
| #define SIZEOF_CHAR 1
| #define SIZEOF_SHORT 2
| #define SIZEOF_INT 4
| #define SIZEOF_LONG 8
| #define SIZEOF_LONG_LONG 8
| #define SIZEOF___INT64 0
| #define STDC_HEADERS 1
| #define HAVE_FLOAT_H 1
| #define HAVE_LIMITS_H 1
| #define HAVE_STDDEF_H 1
| #define HAVE_STDLIB_H 1
| #define HAVE_STRING_H 1
| #define HAVE_SYS_TIME_H 1
| #define HAVE_STDINT_H 1
| #define HAVE_PTHREAD_H 1
| /* end confdefs.h.  */
| #ifndef __APPLE_CC__
| 	       not a universal capable compiler
| 	     #endif
| 	     typedef int dummy;
| 
configure:17628: g++ -c    conftest.cpp >&5
configure:17628: $? = 0
configure:17646: g++ -c    conftest.cpp >&5
conftest.cpp: In function 'int main()':
conftest.cpp:47:8: error: 'big' was not declared in this scope
    not big endian
        ^~~
configure:17646: $? = 1
configure: failed program was:
| /* confdefs.h */
| #define PACKAGE_NAME "FFLAS-FFPACK"
| #define PACKAGE_TARNAME "fflas-ffpack"
| #define PACKAGE_VERSION "2.3.2"
| #define PACKAGE_STRING "FFLAS-FFPACK 2.3.2"
| #define PACKAGE_BUGREPORT "ffpack-devel@googlegroups.com"
| #define PACKAGE_URL "https://github.com/linbox-team/fflas-ffpack"
| #define PACKAGE "fflas-ffpack"
| #define VERSION "2.3.2"
| #define HAVE_CXX11 1
| #define STDC_HEADERS 1
| #define HAVE_SYS_TYPES_H 1
| #define HAVE_SYS_STAT_H 1
| #define HAVE_STDLIB_H 1
| #define HAVE_STRING_H 1
| #define HAVE_MEMORY_H 1
| #define HAVE_STRINGS_H 1
| #define HAVE_INTTYPES_H 1
| #define HAVE_STDINT_H 1
| #define HAVE_UNISTD_H 1
| #define HAVE_DLFCN_H 1
| #define LT_OBJDIR ".libs/"
| #define USE_OPENMP 1
| #define SIZEOF_CHAR 1
| #define SIZEOF_SHORT 2
| #define SIZEOF_INT 4
| #define SIZEOF_LONG 8
| #define SIZEOF_LONG_LONG 8
| #define SIZEOF___INT64 0
| #define STDC_HEADERS 1
| #define HAVE_FLOAT_H 1
| #define HAVE_LIMITS_H 1
| #define HAVE_STDDEF_H 1
| #define HAVE_STDLIB_H 1
| #define HAVE_STRING_H 1
| #define HAVE_SYS_TIME_H 1
| #define HAVE_STDINT_H 1
| #define HAVE_PTHREAD_H 1
| /* end confdefs.h.  */
| #include <sys/types.h>
| 		#include <sys/param.h>
| 
| int
| main ()
| {
| #if BYTE_ORDER != BIG_ENDIAN
| 		 not big endian
| 		#endif
| 
|   ;
|   return 0;
| }
configure:17774: result: no
configure:17926: checking for pkg-config
configure:17944: found /usr/bin/pkg-config
configure:17956: result: /usr/bin/pkg-config
configure:17981: checking pkg-config is at least version 0.9.0
configure:17984: result: yes
configure:17994: checking for GIVARO
configure:18001: $PKG_CONFIG --exists --print-errors "givaro"
configure:18004: $? = 0
configure:18018: $PKG_CONFIG --exists --print-errors "givaro"
configure:18021: $? = 0
configure:18079: result: yes
configure:18109: checking for use of MKL
configure:18126: result: no 
configure:18146: checking for BLAS
configure:18162: g++ -o conftest    -I. -I.. -I. -I./fflas-ffpack -fabi-version=6 -I/usr/local/include   conftest.cpp  /usr/lib/x86_64-linux-gnu/blas/libblas.so >&5
configure:18162: $? = 0
configure:18162: ./conftest
configure:18162: $? = 0
configure:18166: result: found CBLAS
configure:18296: checking for USER LAPACK
configure:18310: g++ -o conftest     -I. -I.. -I. -I./flas-ffpack -fabi-version=6 -I/usr/local/include   conftest.cpp  /usr/lib/x86_64-linux-gnu/blas/libblas.so >&5
/tmp/ccEdesAv.o: In function `main':
conftest.cpp:(.text+0x16f): undefined reference to `clapack_dgetrf'
collect2: error: ld returned 1 exit status
configure:18310: $? = 1
configure: program exited with status 1
configure: failed program was:
| /* confdefs.h */
| #define PACKAGE_NAME "FFLAS-FFPACK"
| #define PACKAGE_TARNAME "fflas-ffpack"
| #define PACKAGE_VERSION "2.3.2"
| #define PACKAGE_STRING "FFLAS-FFPACK 2.3.2"
| #define PACKAGE_BUGREPORT "ffpack-devel@googlegroups.com"
| #define PACKAGE_URL "https://github.com/linbox-team/fflas-ffpack"
| #define PACKAGE "fflas-ffpack"
| #define VERSION "2.3.2"
| #define HAVE_CXX11 1
| #define STDC_HEADERS 1
| #define HAVE_SYS_TYPES_H 1
| #define HAVE_SYS_STAT_H 1
| #define HAVE_STDLIB_H 1
| #define HAVE_STRING_H 1
| #define HAVE_MEMORY_H 1
| #define HAVE_STRINGS_H 1
| #define HAVE_INTTYPES_H 1
| #define HAVE_STDINT_H 1
| #define HAVE_UNISTD_H 1
| #define HAVE_DLFCN_H 1
| #define LT_OBJDIR ".libs/"
| #define USE_OPENMP 1
| #define SIZEOF_CHAR 1
| #define SIZEOF_SHORT 2
| #define SIZEOF_INT 4
| #define SIZEOF_LONG 8
| #define SIZEOF_LONG_LONG 8
| #define SIZEOF___INT64 0
| #define STDC_HEADERS 1
| #define HAVE_FLOAT_H 1
| #define HAVE_LIMITS_H 1
| #define HAVE_STDDEF_H 1
| #define HAVE_STDLIB_H 1
| #define HAVE_STRING_H 1
| #define HAVE_SYS_TIME_H 1
| #define HAVE_STDINT_H 1
| #define HAVE_PTHREAD_H 1
| #define HAVE_LITTLE_ENDIAN 1
| #define HAVE_BLAS 1
| #define HAVE_CBLAS 1
| /* end confdefs.h.  */
|  /*
|  * Copyright (C) 2013 FFLAS-FFPACK group.
|  *
|  * Extirpé form a m4 macro by Brice Boyer (briceboyer) <boyer.brice@gmail.com>.
|  *
|  *
|  * ========LICENCE========
|  * This file is part of the library FFLAS-FFPACK.
|  *
|  * FFLAS-FFPACK is free software: you can redistribute it and/or modify
|  * it under the terms of the  GNU Lesser General Public
|  * License as published by the Free Software Foundation; either
|  * version 2.1 of the License, or (at your option) any later version.
|  *
|  * This library is distributed in the hope that it will be useful,
|  * but WITHOUT ANY WARRANTY; without even the implied warranty of
|  * MERCHANTABILITY or FITNESS FOR A PARTICULAR PURPOSE.  See the GNU
|  * Lesser General Public License for more details.
|  *
|  * You should have received a copy of the GNU Lesser General Public
|  * License along with this library; if not, write to the Free Software
|  * Foundation, Inc., 51 Franklin Street, Fifth Floor, Boston, MA  02110-1301  USA
|  * ========LICENCE========
|  *
|  */
| 
| #define __FFLASFFPACK_CONFIGURATION
| #define __FFLASFFPACK_HAVE_LAPACK 1
| #define __FFLASFFPACK_HAVE_CLAPACK 1
| #include "fflas-ffpack/config-blas.h"
| int main () {
| 	double a[4] = {1.,2.,3.,4.};
| 	CBLAS_INT ipiv[2];
| 	clapack_dgetrf(CblasRowMajor, 2, 2, a, 2, ipiv);
| 	if ( (a[0]!=2.) && (a[1]!=0.5) && (a[2]!=4.) && (a[3]!=1.))
| 		return -1;
| 	else
| 		return 0;
| }
configure:18342: g++ -o conftest     -I. -I.. -I. -I./flas-ffpack -fabi-version=6 -I/usr/local/include   conftest.cpp  /usr/lib/x86_64-linux-gnu/blas/libblas.so >&5
/tmp/ccNffEy9.o: In function `clapack_dgetrf':
conftest.cpp:(.text.clapack_dgetrf[clapack_dgetrf]+0x4e): undefined reference to `dgetrf_'
collect2: error: ld returned 1 exit status
configure:18342: $? = 1
configure: program exited with status 1
configure: failed program was:
| /* confdefs.h */
| #define PACKAGE_NAME "FFLAS-FFPACK"
| #define PACKAGE_TARNAME "fflas-ffpack"
| #define PACKAGE_VERSION "2.3.2"
| #define PACKAGE_STRING "FFLAS-FFPACK 2.3.2"
| #define PACKAGE_BUGREPORT "ffpack-devel@googlegroups.com"
| #define PACKAGE_URL "https://github.com/linbox-team/fflas-ffpack"
| #define PACKAGE "fflas-ffpack"
| #define VERSION "2.3.2"
| #define HAVE_CXX11 1
| #define STDC_HEADERS 1
| #define HAVE_SYS_TYPES_H 1
| #define HAVE_SYS_STAT_H 1
| #define HAVE_STDLIB_H 1
| #define HAVE_STRING_H 1
| #define HAVE_MEMORY_H 1
| #define HAVE_STRINGS_H 1
| #define HAVE_INTTYPES_H 1
| #define HAVE_STDINT_H 1
| #define HAVE_UNISTD_H 1
| #define HAVE_DLFCN_H 1
| #define LT_OBJDIR ".libs/"
| #define USE_OPENMP 1
| #define SIZEOF_CHAR 1
| #define SIZEOF_SHORT 2
| #define SIZEOF_INT 4
| #define SIZEOF_LONG 8
| #define SIZEOF_LONG_LONG 8
| #define SIZEOF___INT64 0
| #define STDC_HEADERS 1
| #define HAVE_FLOAT_H 1
| #define HAVE_LIMITS_H 1
| #define HAVE_STDDEF_H 1
| #define HAVE_STDLIB_H 1
| #define HAVE_STRING_H 1
| #define HAVE_SYS_TIME_H 1
| #define HAVE_STDINT_H 1
| #define HAVE_PTHREAD_H 1
| #define HAVE_LITTLE_ENDIAN 1
| #define HAVE_BLAS 1
| #define HAVE_CBLAS 1
| /* end confdefs.h.  */
|   /*
|  * Copyright (C) 2013 FFLAS-FFPACK group.
|  *
|  * Extirpé form a m4 macro by Brice Boyer (briceboyer) <boyer.brice@gmail.com>.
|  *
|  *
|  * ========LICENCE========
|  * This file is part of the library FFLAS-FFPACK.
|  *
|  * FFLAS-FFPACK is free software: you can redistribute it and/or modify
|  * it under the terms of the  GNU Lesser General Public
|  * License as published by the Free Software Foundation; either
|  * version 2.1 of the License, or (at your option) any later version.
|  *
|  * This library is distributed in the hope that it will be useful,
|  * but WITHOUT ANY WARRANTY; without even the implied warranty of
|  * MERCHANTABILITY or FITNESS FOR A PARTICULAR PURPOSE.  See the GNU
|  * Lesser General Public License for more details.
|  *
|  * You should have received a copy of the GNU Lesser General Public
|  * License along with this library; if not, write to the Free Software
|  * Foundation, Inc., 51 Franklin Street, Fifth Floor, Boston, MA  02110-1301  USA
|  * ========LICENCE========
|  *
|  */
| 
| #define __FFLASFFPACK_CONFIGURATION
| #define __FFLASFFPACK_HAVE_LAPACK 1
| // #define __FFLASFFPACK_HAVE_CLAPACK 1
| #include "fflas-ffpack/config-blas.h"
| int main () {
| 	double a[4] = {1.,2.,3.,4.};
| 	CBLAS_INT ipiv[2];
| 	clapack_dgetrf(CblasRowMajor, 2, 2, a, 2, ipiv);
| 	if ( (a[0]!=2.) && (a[1]!=0.5) && (a[2]!=4.) && (a[3]!=1.))
| 		return -1;
| 	else
| 		return 0;
| }
configure:18363: result: no 
configure:18397: checking if this is OpenBLAS
configure:18411: g++ -o conftest      conftest.cpp  /usr/lib/x86_64-linux-gnu/blas/libblas.so >&5
/tmp/cc6qiXIr.o: In function `main':
conftest.cpp:(.text+0xa): undefined reference to `openblas_set_num_threads'
collect2: error: ld returned 1 exit status
configure:18411: $? = 1
configure: program exited with status 1
configure: failed program was:
| /* confdefs.h */
| #define PACKAGE_NAME "FFLAS-FFPACK"
| #define PACKAGE_TARNAME "fflas-ffpack"
| #define PACKAGE_VERSION "2.3.2"
| #define PACKAGE_STRING "FFLAS-FFPACK 2.3.2"
| #define PACKAGE_BUGREPORT "ffpack-devel@googlegroups.com"
| #define PACKAGE_URL "https://github.com/linbox-team/fflas-ffpack"
| #define PACKAGE "fflas-ffpack"
| #define VERSION "2.3.2"
| #define HAVE_CXX11 1
| #define STDC_HEADERS 1
| #define HAVE_SYS_TYPES_H 1
| #define HAVE_SYS_STAT_H 1
| #define HAVE_STDLIB_H 1
| #define HAVE_STRING_H 1
| #define HAVE_MEMORY_H 1
| #define HAVE_STRINGS_H 1
| #define HAVE_INTTYPES_H 1
| #define HAVE_STDINT_H 1
| #define HAVE_UNISTD_H 1
| #define HAVE_DLFCN_H 1
| #define LT_OBJDIR ".libs/"
| #define USE_OPENMP 1
| #define SIZEOF_CHAR 1
| #define SIZEOF_SHORT 2
| #define SIZEOF_INT 4
| #define SIZEOF_LONG 8
| #define SIZEOF_LONG_LONG 8
| #define SIZEOF___INT64 0
| #define STDC_HEADERS 1
| #define HAVE_FLOAT_H 1
| #define HAVE_LIMITS_H 1
| #define HAVE_STDDEF_H 1
| #define HAVE_STDLIB_H 1
| #define HAVE_STRING_H 1
| #define HAVE_SYS_TIME_H 1
| #define HAVE_STDINT_H 1
| #define HAVE_PTHREAD_H 1
| #define HAVE_LITTLE_ENDIAN 1
| #define HAVE_BLAS 1
| #define HAVE_CBLAS 1
| /* end confdefs.h.  */
|  extern "C"{void openblas_set_num_threads(int num_threads);} int main(){openblas_set_num_threads(1);return 0;}
configure:18446: result: no
configure:18488: checking whether to build documentation
configure:18551: result: no
configure:18585: checking whether to compile the standard specializations
configure:18611: result: no
configure:18732: checking that generated files are newer than configure
configure:18738: result: done
configure:18794: creating ./config.status

## ---------------------- ##
## Running config.status. ##
## ---------------------- ##

This file was extended by FFLAS-FFPACK config.status 2.3.2, which was
generated by GNU Autoconf 2.69.  Invocation command line was

  CONFIG_FILES    = 
  CONFIG_HEADERS  = 
  CONFIG_LINKS    = 
  CONFIG_COMMANDS = 
  $ ./config.status 

on DESKTOP-NMA8G2V

config.status:1240: creating Makefile
config.status:1240: creating macros/Makefile
config.status:1240: creating macros/CodeChunk/Makefile
config.status:1240: creating fflas-ffpack-config
config.status:1240: creating fflas-ffpack/Makefile
config.status:1240: creating fflas-ffpack/fflas/Makefile
config.status:1240: creating fflas-ffpack/fflas/fflas_fgemm/Makefile
config.status:1240: creating fflas-ffpack/fflas/fflas_sparse/Makefile
config.status:1240: creating fflas-ffpack/fflas/fflas_sparse/coo/Makefile
config.status:1240: creating fflas-ffpack/fflas/fflas_sparse/csr/Makefile
config.status:1240: creating fflas-ffpack/fflas/fflas_sparse/ell/Makefile
config.status:1240: creating fflas-ffpack/fflas/fflas_sparse/ell_simd/Makefile
config.status:1240: creating fflas-ffpack/fflas/fflas_sparse/csr_hyb/Makefile
config.status:1240: creating fflas-ffpack/fflas/fflas_sparse/sell/Makefile
config.status:1240: creating fflas-ffpack/fflas/fflas_sparse/hyb_zo/Makefile
config.status:1240: creating fflas-ffpack/fflas/fflas_igemm/Makefile
config.status:1240: creating fflas-ffpack/fflas/fflas_simd/Makefile
config.status:1240: creating fflas-ffpack/ffpack/Makefile
config.status:1240: creating fflas-ffpack/field/Makefile
config.status:1240: creating fflas-ffpack/utils/Makefile
config.status:1240: creating fflas-ffpack/paladin/Makefile
config.status:1240: creating fflas-ffpack/interfaces/Makefile
config.status:1240: creating fflas-ffpack/interfaces/libs/Makefile
config.status:1240: creating fflas-ffpack/checkers/Makefile
config.status:1240: creating autotune/Makefile
config.status:1240: creating doc/Makefile
config.status:1240: creating tests/Makefile
config.status:1240: creating tests/data/Makefile
config.status:1240: creating benchmarks/Makefile
config.status:1240: creating examples/Makefile
config.status:1240: creating tutorials/Makefile
config.status:1240: creating fflas-ffpack.pc
config.status:1240: creating config.h
config.status:1469: executing fflas-ffpack/config.h commands
config.status:1507: creating fflas-ffpack/config.h - prefix __FFLASFFPACK for config.h defines
config.status:1469: executing depfiles commands
config.status:1469: executing libtool commands

## ---------------- ##
## Cache variables. ##
## ---------------- ##

ac_cv_build=x86_64-pc-linux-gnu
ac_cv_c_bigendian=no
ac_cv_c_compiler_gnu=yes
ac_cv_cxx_compiler_gnu=yes
ac_cv_env_CCC_set=
ac_cv_env_CCC_value=
ac_cv_env_CC_set=
ac_cv_env_CC_value=
ac_cv_env_CFLAGS_set=
ac_cv_env_CFLAGS_value=
ac_cv_env_CPPFLAGS_set=
ac_cv_env_CPPFLAGS_value=
ac_cv_env_CXXCPP_set=
ac_cv_env_CXXCPP_value=
ac_cv_env_CXXFLAGS_set=
ac_cv_env_CXXFLAGS_value=
ac_cv_env_CXX_set=
ac_cv_env_CXX_value=
ac_cv_env_GIVARO_CFLAGS_set=
ac_cv_env_GIVARO_CFLAGS_value=
ac_cv_env_GIVARO_LIBS_set=
ac_cv_env_GIVARO_LIBS_value=
ac_cv_env_LDFLAGS_set=
ac_cv_env_LDFLAGS_value=
ac_cv_env_LIBS_set=
ac_cv_env_LIBS_value=
ac_cv_env_LT_SYS_LIBRARY_PATH_set=
ac_cv_env_LT_SYS_LIBRARY_PATH_value=
ac_cv_env_PKG_CONFIG_LIBDIR_set=
ac_cv_env_PKG_CONFIG_LIBDIR_value=
ac_cv_env_PKG_CONFIG_PATH_set=
ac_cv_env_PKG_CONFIG_PATH_value=
ac_cv_env_PKG_CONFIG_set=
ac_cv_env_PKG_CONFIG_value=
ac_cv_env_build_alias_set=
ac_cv_env_build_alias_value=
ac_cv_env_host_alias_set=
ac_cv_env_host_alias_value=
ac_cv_env_target_alias_set=
ac_cv_env_target_alias_value=
ac_cv_header_dlfcn_h=yes
ac_cv_header_float_h=yes
ac_cv_header_inttypes_h=yes
ac_cv_header_limits_h=yes
ac_cv_header_memory_h=yes
ac_cv_header_pthread_h=yes
ac_cv_header_stdc=yes
ac_cv_header_stddef_h=yes
ac_cv_header_stdint_h=yes
ac_cv_header_stdlib_h=yes
ac_cv_header_string_h=yes
ac_cv_header_strings_h=yes
ac_cv_header_sys_stat_h=yes
ac_cv_header_sys_time_h=yes
ac_cv_header_sys_types_h=yes
ac_cv_header_unistd_h=yes
ac_cv_host=x86_64-pc-linux-gnu
ac_cv_objext=o
ac_cv_path_EGREP='/bin/grep -E'
ac_cv_path_FGREP='/bin/grep -F'
ac_cv_path_GREP=/bin/grep
ac_cv_path_SED=/bin/sed
ac_cv_path_ac_pt_PKG_CONFIG=/usr/bin/pkg-config
ac_cv_path_install='/usr/bin/install -c'
ac_cv_path_lt_DD=/bin/dd
ac_cv_path_mkdir=/bin/mkdir
ac_cv_prog_AWK=gawk
ac_cv_prog_CXXCPP='g++ -E'
ac_cv_prog_ac_ct_AR=ar
ac_cv_prog_ac_ct_CC=gcc
ac_cv_prog_ac_ct_CXX=g++
ac_cv_prog_ac_ct_MANIFEST_TOOL=mt
ac_cv_prog_ac_ct_OBJDUMP=objdump
ac_cv_prog_ac_ct_RANLIB=ranlib
ac_cv_prog_ac_ct_STRIP=strip
ac_cv_prog_cc_c89=
ac_cv_prog_cc_g=yes
ac_cv_prog_cxx_g=yes
ac_cv_prog_make_make_set=yes
ac_cv_sizeof___int64=0
ac_cv_sizeof_char=1
ac_cv_sizeof_int=4
ac_cv_sizeof_long=8
ac_cv_sizeof_long_long=8
ac_cv_sizeof_short=2
ac_cv_target=x86_64-pc-linux-gnu
am_cv_CC_dependencies_compiler_type=gcc3
am_cv_CXX_dependencies_compiler_type=gcc3
am_cv_make_support_nested_variables=yes
am_cv_prog_cc_c_o=yes
ax_cv_cxx_compile_cxx11=yes
lt_cv_ar_at_file=@
lt_cv_archive_cmds_need_lc=no
lt_cv_deplibs_check_method=pass_all
lt_cv_file_magic_cmd='$MAGIC_CMD'
lt_cv_file_magic_test_file=
lt_cv_ld_reload_flag=-r
lt_cv_nm_interface='BSD nm'
lt_cv_objdir=.libs
lt_cv_path_LD=/usr/bin/ld
lt_cv_path_LDCXX='/usr/bin/ld -m elf_x86_64'
lt_cv_path_NM='/usr/bin/nm -B'
lt_cv_path_mainfest_tool=no
lt_cv_prog_compiler_c_o=yes
lt_cv_prog_compiler_c_o_CXX=yes
lt_cv_prog_compiler_pic='-fPIC -DPIC'
lt_cv_prog_compiler_pic_CXX='-fPIC -DPIC'
lt_cv_prog_compiler_pic_works=yes
lt_cv_prog_compiler_pic_works_CXX=yes
lt_cv_prog_compiler_rtti_exceptions=no
lt_cv_prog_compiler_static_works=yes
lt_cv_prog_compiler_static_works_CXX=yes
lt_cv_prog_gnu_ld=yes
lt_cv_prog_gnu_ldcxx=yes
lt_cv_sharedlib_from_linklib_cmd='printf %s\n'
lt_cv_shlibpath_overrides_runpath=yes
lt_cv_sys_global_symbol_pipe='sed -n -e '\''s/^.*[	 ]\([ABCDGIRSTW][ABCDGIRSTW]*\)[	 ][	 ]*\([_A-Za-z][_A-Za-z0-9]*\)$/\1 \2 \2/p'\'' | sed '\''/ __gnu_lto/d'\'''
lt_cv_sys_global_symbol_to_c_name_address='sed -n -e '\''s/^: \(.*\) .*$/  {"\1", (void *) 0},/p'\'' -e '\''s/^[ABCDGIRSTW][ABCDGIRSTW]* .* \(.*\)$/  {"\1", (void *) \&\1},/p'\'''
lt_cv_sys_global_symbol_to_c_name_address_lib_prefix='sed -n -e '\''s/^: \(.*\) .*$/  {"\1", (void *) 0},/p'\'' -e '\''s/^[ABCDGIRSTW][ABCDGIRSTW]* .* \(lib.*\)$/  {"\1", (void *) \&\1},/p'\'' -e '\''s/^[ABCDGIRSTW][ABCDGIRSTW]* .* \(.*\)$/  {"lib\1", (void *) \&\1},/p'\'''
lt_cv_sys_global_symbol_to_cdecl='sed -n -e '\''s/^T .* \(.*\)$/extern int \1();/p'\'' -e '\''s/^[ABCDGIRSTW][ABCDGIRSTW]* .* \(.*\)$/extern char \1;/p'\'''
lt_cv_sys_global_symbol_to_import=
lt_cv_sys_max_cmd_len=1572864
lt_cv_to_host_file_cmd=func_convert_file_noop
lt_cv_to_tool_file_cmd=func_convert_file_noop
lt_cv_truncate_bin='/bin/dd bs=4096 count=1'
pkg_cv_GIVARO_CFLAGS='-fabi-version=6 -I/usr/local/include'
pkg_cv_GIVARO_LIBS='-L/usr/local/lib -lgivaro -lgmp -lgmpxx'

## ----------------- ##
## Output variables. ##
## ----------------- ##

ACLOCAL='${SHELL} /home/kashbari/git_repo/LinBoxPython/fflas-ffpack-2.3.2/build-aux/missing aclocal-1.15'
AMDEPBACKSLASH='\'
AMDEP_FALSE='#'
AMDEP_TRUE=''
AMTAR='$${TAR-tar}'
AM_BACKSLASH='\'
AM_DEFAULT_V='$(AM_DEFAULT_VERBOSITY)'
AM_DEFAULT_VERBOSITY='1'
AM_V='$(V)'
AR='ar'
AUTOCONF='${SHELL} /home/kashbari/git_repo/LinBoxPython/fflas-ffpack-2.3.2/build-aux/missing autoconf'
AUTOHEADER='${SHELL} /home/kashbari/git_repo/LinBoxPython/fflas-ffpack-2.3.2/build-aux/missing autoheader'
AUTOMAKE='${SHELL} /home/kashbari/git_repo/LinBoxPython/fflas-ffpack-2.3.2/build-aux/missing automake-1.15'
AWK='gawk'
BLAS_CFLAGS=''
BLAS_LIBS='/usr/lib/x86_64-linux-gnu/blas/libblas.so'
BLAS_VENDOR='USER'
CC='gcc'
CCDEPMODE='depmode=gcc3'
CCNAM='gcc'
CFLAGS='-g -O2'
CPPFLAGS=''
CXX='g++'
CXXCPP='g++ -E'
CXXDEPMODE='depmode=gcc3'
CXXFLAGS='-I/usr/local/include -fabi-version=6 -fopenmp -mavx -mavx2 -mfma -msse -msse2 -msse3 -msse4.1 -msse4.2 -mssse3'
CYGPATH_W='echo'
DEBUG_FALSE=''
DEBUG_TRUE='#'
DEFAULT_CFLAGS='-O2  -Wall -g'
DEFS='-DHAVE_CONFIG_H'
DEPDIR='.deps'
DLLTOOL='false'
DSYMUTIL=''
DUMPBIN=''
ECHO_C=''
ECHO_N='-n'
ECHO_T=''
EGREP='/bin/grep -E'
EXEEXT=''
FFLASFFPACK_BUILD_DOC_FALSE=''
FFLASFFPACK_BUILD_DOC_TRUE='#'
FFLASFFPACK_DOC_PATH='NONE/docs'
FFLASFFPACK_HAVE_LAPACK_FALSE=''
FFLASFFPACK_HAVE_LAPACK_TRUE='#'
FFLASFFPACK_HAVE_OMP_FALSE='#'
FFLASFFPACK_HAVE_OMP_TRUE=''
FFLASFFPACK_PRECOMPILED_FALSE=''
FFLASFFPACK_PRECOMPILED_TRUE='#'
FGREP='/bin/grep -F'
GIVARO_CFLAGS='-fabi-version=6 -I/usr/local/include'
GIVARO_LIBS='-L/usr/local/lib -lgivaro -lgmp -lgmpxx'
GREP='/bin/grep'
HAVE_CXX11='1'
INSTALL_DATA='${INSTALL} -m 644'
INSTALL_PROGRAM='${INSTALL}'
INSTALL_SCRIPT='${INSTALL}'
INSTALL_STRIP_PROGRAM='$(install_sh) -c -s'
LAPACK_LIBS=''
LD='/usr/bin/ld -m elf_x86_64'
LDFLAGS=''
LIBOBJS=''
LIBS=' /usr/lib/x86_64-linux-gnu/blas/libblas.so'
LIBTOOL='$(SHELL) $(top_builddir)/libtool'
LIPO=''
LN_S='ln -s'
LTLIBOBJS=''
LT_SYS_LIBRARY_PATH=''
MAKEINFO='${SHELL} /home/kashbari/git_repo/LinBoxPython/fflas-ffpack-2.3.2/build-aux/missing makeinfo'
MANIFEST_TOOL=':'
MKDIR_P='/bin/mkdir -p'
NM='/usr/bin/nm -B'
NMEDIT=''
OBJDUMP='objdump'
OBJEXT='o'
OMPFLAGS='-fopenmp'
OTOOL64=''
OTOOL=''
PACKAGE='fflas-ffpack'
PACKAGE_BUGREPORT='ffpack-devel@googlegroups.com'
PACKAGE_NAME='FFLAS-FFPACK'
PACKAGE_STRING='FFLAS-FFPACK 2.3.2'
PACKAGE_TARNAME='fflas-ffpack'
PACKAGE_URL='https://github.com/linbox-team/fflas-ffpack'
PACKAGE_VERSION='2.3.2'
PARFLAGS='-fopenmp'
PARLIBS='-fopenmp'
PATH_SEPARATOR=':'
PKG_CONFIG='/usr/bin/pkg-config'
PKG_CONFIG_LIBDIR=''
PKG_CONFIG_PATH=''
PRECOMPILE_FLAGS=''
PRECOMPILE_LIBS=''
PROF='no'
PROFILE_FALSE=''
PROFILE_TRUE='#'
RANLIB='ranlib'
REQUIRED_FLAGS=' -fabi-version=6'
SED='/bin/sed'
SET_MAKE=''
SHELL='/bin/bash'
SIMD_FLAGS=''
STRIP='strip'
USE_DEBUG='no'
USE_MKL='false'
VERSION='2.3.2'
WARN='no'
ac_ct_AR='ar'
ac_ct_CC='gcc'
ac_ct_CXX='g++'
ac_ct_DUMPBIN=''
am__EXEEXT_FALSE=''
am__EXEEXT_TRUE='#'
am__fastdepCC_FALSE='#'
am__fastdepCC_TRUE=''
am__fastdepCXX_FALSE='#'
am__fastdepCXX_TRUE=''
am__include='include'
am__isrc=''
am__leading_dot='.'
am__nodep='_no'
am__quote=''
am__tar='$${TAR-tar} chof - "$$tardir"'
am__untar='$${TAR-tar} xf -'
bindir='${exec_prefix}/bin'
build='x86_64-pc-linux-gnu'
build_alias=''
build_cpu='x86_64'
build_os='linux-gnu'
build_vendor='pc'
datadir='${datarootdir}'
datarootdir='${prefix}/share'
docdir='${datarootdir}/doc/${PACKAGE_TARNAME}'
dvidir='${docdir}'
exec_prefix='${prefix}'
host='x86_64-pc-linux-gnu'
host_alias=''
host_cpu='x86_64'
host_os='linux-gnu'
host_vendor='pc'
htmldir='${docdir}'
includedir='${prefix}/include'
infodir='${datarootdir}/info'
install_sh='${SHELL} /home/kashbari/git_repo/LinBoxPython/fflas-ffpack-2.3.2/build-aux/install-sh'
libdir='${exec_prefix}/lib'
libexecdir='${exec_prefix}/libexec'
localedir='${datarootdir}/locale'
localstatedir='${prefix}/var'
mandir='${datarootdir}/man'
mkdir_p='$(MKDIR_P)'
oldincludedir='/usr/include'
pdfdir='${docdir}'
prefix='/usr/local'
program_transform_name='s,x,x,'
psdir='${docdir}'
runstatedir='${localstatedir}/run'
sbindir='${exec_prefix}/sbin'
sharedstatedir='${prefix}/com'
sysconfdir='${prefix}/etc'
target='x86_64-pc-linux-gnu'
target_alias=''
target_cpu='x86_64'
target_os='linux-gnu'
target_vendor='pc'

## ----------- ##
## confdefs.h. ##
## ----------- ##

/* confdefs.h */
#define PACKAGE_NAME "FFLAS-FFPACK"
#define PACKAGE_TARNAME "fflas-ffpack"
#define PACKAGE_VERSION "2.3.2"
#define PACKAGE_STRING "FFLAS-FFPACK 2.3.2"
#define PACKAGE_BUGREPORT "ffpack-devel@googlegroups.com"
#define PACKAGE_URL "https://github.com/linbox-team/fflas-ffpack"
#define PACKAGE "fflas-ffpack"
#define VERSION "2.3.2"
#define HAVE_CXX11 1
#define STDC_HEADERS 1
#define HAVE_SYS_TYPES_H 1
#define HAVE_SYS_STAT_H 1
#define HAVE_STDLIB_H 1
#define HAVE_STRING_H 1
#define HAVE_MEMORY_H 1
#define HAVE_STRINGS_H 1
#define HAVE_INTTYPES_H 1
#define HAVE_STDINT_H 1
#define HAVE_UNISTD_H 1
#define HAVE_DLFCN_H 1
#define LT_OBJDIR ".libs/"
#define USE_OPENMP 1
#define SIZEOF_CHAR 1
#define SIZEOF_SHORT 2
#define SIZEOF_INT 4
#define SIZEOF_LONG 8
#define SIZEOF_LONG_LONG 8
#define SIZEOF___INT64 0
#define STDC_HEADERS 1
#define HAVE_FLOAT_H 1
#define HAVE_LIMITS_H 1
#define HAVE_STDDEF_H 1
#define HAVE_STDLIB_H 1
#define HAVE_STRING_H 1
#define HAVE_SYS_TIME_H 1
#define HAVE_STDINT_H 1
#define HAVE_PTHREAD_H 1
#define HAVE_LITTLE_ENDIAN 1
#define HAVE_BLAS 1
#define HAVE_CBLAS 1

configure: exit 0
